# logfile = /home/dmoseng/data/gain/gain_check.Spectral.2018-Apr-19.log
# datestr = Thu Apr 19 20:18:01 2018
# mode = Spectral
# flatfile1 = d0420_0025.fits
# flatfile2 = d0420_0026.fits
# flatfile3 = d0420_0027.fits
# flatfile4 = d0420_0028.fits
# flatfile5 = d0420_0029.fits
# zerofile1 = d0420_0022.fits
# zerofile2 = d0420_0023.fits
# column1 = videoinp
# column2 = amploc
# column3 = ccdloc
# column4 = amptype
# column5 = gain [e-/DN]
# column6 = sigma_gain [e-/DN]
# column7 = readnoise [e-]
# column8 = sigma_readnoise [e-]
#----------------------------------------
   2 1   1   B         1.2305    0.017762      2.5799    0.037242
   4 3   2   B         1.1892    0.016012      2.4935    0.033572
   6 5   3   B         1.2504    0.019712      2.6218    0.041330
   8 7   4   B         1.2090    0.017036      2.5348    0.035720
  10 10  5   B         1.1919    0.012188      2.4991    0.025555
  12 12  6   B         1.1772    0.012591      2.4683    0.026400
  14 14  7   B         1.2056    0.016769      2.5278    0.035159
  16 16  8   B         1.2213    0.014800      2.5608    0.031030
