# logfile = /home/dmoseng/data/gain/gain_check.Spectral.2008-Jul-09.log
# datestr = Wed Jul  9 20:36:58 2008
# mode = Spectral
# flatfile1 = d0710_0012.fits
# flatfile2 = d0710_0013.fits
# flatfile3 = d0710_0014.fits
# flatfile4 = d0710_0015.fits
# flatfile5 = d0710_0016.fits
# zerofile1 = d0710_0009.fits
# zerofile2 = d0710_0010.fits
# column1 = videoinp
# column2 = amploc
# column3 = ccdloc
# column4 = amptype
# column5 = gain [e-/DN]
# column6 = sigma_gain [e-/DN]
# column7 = readnoise [e-]
# column8 = sigma_readnoise [e-]
#----------------------------------------
   2 1   1   B         1.2245   0.0016495      2.5675   0.0034584
   4 3   2   B         1.1796   0.0029565      2.4733   0.0061989
   6 5   3   B         1.2732   0.0013135      2.6696   0.0027543
   8 7   4   B         1.2120   0.0029957      2.5413   0.0062812
  10 10  5   B         1.1926   0.0021516      2.5005   0.0045110
  12 12  6   B         1.2169   0.0013033      2.5515   0.0027327
  14 14  7   B         1.2320   0.0015664      2.5831   0.0032841
  16 16  8   B         1.2440   0.0022796      2.6082   0.0047793
