# logfile = /home/dmoseng/data/gain/gain_check.Spectral.2010-Jun-06.log
# datestr = Sun Jun  6 18:42:15 2010
# mode = Spectral
# flatfile1 = d0607_0031.fits
# flatfile2 = d0607_0032.fits
# flatfile3 = d0607_0033.fits
# flatfile4 = d0607_0034.fits
# flatfile5 = d0607_0035.fits
# zerofile1 = d0607_0028.fits
# zerofile2 = d0607_0029.fits
# column1 = videoinp
# column2 = amploc
# column3 = ccdloc
# column4 = amptype
# column5 = gain [e-/DN]
# column6 = sigma_gain [e-/DN]
# column7 = readnoise [e-]
# column8 = sigma_readnoise [e-]
#----------------------------------------
   2 1   1   B         1.2316    0.016004      2.5822    0.033554
   4 3   2   B         1.1881    0.019037      2.4910    0.039914
   6 5   3   B         1.2784    0.014810      2.6803    0.031052
   8 7   4   B         1.2118    0.011086      2.5409    0.023245
  10 10  5   B         1.1894    0.015331      2.4937    0.032145
  12 12  6   B         1.2253    0.015044      2.5691    0.031541
  14 14  7   B         1.2373    0.015746      2.5943    0.033015
  16 16  8   B         1.2476    0.016781      2.6158    0.035185
