# logfile = /home/dmoseng/data/gain/gain_check.Spectral.2018-Nov-26.log
# datestr = Mon Nov 26 18:02:34 2018
# mode = Spectral
# flatfile1 = d1127_0022.fits
# flatfile2 = d1127_0023.fits
# flatfile3 = d1127_0024.fits
# flatfile4 = d1127_0025.fits
# flatfile5 = d1127_0026.fits
# zerofile1 = d1127_0019.fits
# zerofile2 = d1127_0020.fits
# column1 = videoinp
# column2 = amploc
# column3 = ccdloc
# column4 = amptype
# column5 = gain [e-/DN]
# column6 = sigma_gain [e-/DN]
# column7 = readnoise [e-]
# column8 = sigma_readnoise [e-]
#----------------------------------------
   2 1   1   B         1.2037    0.017650      2.5238    0.037006
   4 3   2   B         1.1868    0.015528      2.4884    0.032558
   6 5   3   B         1.2473    0.022657      2.6152    0.047504
   8 7   4   B         1.2152    0.017061      2.5479    0.035772
  10 10  5   B         1.1794    0.013821      2.4728    0.028977
  12 12  6   B         1.2014    0.012972      2.5189    0.027199
  14 14  7   B         1.2081    0.016144      2.5329    0.033849
  16 16  8   B         1.2177    0.018056      2.5532    0.037857
