# logfile = /home/dmoseng/data/gain/gain_check.Spectral.2012-Apr-12.log
# datestr = Thu Apr 12 17:09:17 2012
# mode = Spectral
# flatfile1 = d0413_0018.fits
# flatfile2 = d0413_0019.fits
# flatfile3 = d0413_0020.fits
# flatfile4 = d0413_0021.fits
# flatfile5 = d0413_0022.fits
# zerofile1 = d0413_0015.fits
# zerofile2 = d0413_0016.fits
# column1 = videoinp
# column2 = amploc
# column3 = ccdloc
# column4 = amptype
# column5 = gain [e-/DN]
# column6 = sigma_gain [e-/DN]
# column7 = readnoise [e-]
# column8 = sigma_readnoise [e-]
#----------------------------------------
   2 1   1   B       0.048262     0.32958     0.10119     0.69102
   4 3   2   B       -0.49194    0.065250     -1.0314     0.13681
   6 5   3   B       -0.64016     0.12215     -1.3422     0.25612
   8 7   4   B       0.046896     0.26979    0.098325     0.56566
  10 10  5   B        -1686.0      1088.0     -3534.9      2281.1
  12 12  6   B        -43.558      68.068     -91.327      142.72
  14 14  7   B        -3.7315     0.15838     -7.8237     0.33207
  16 16  8   B        -733.11      35.186     -1537.1      73.775
