# logfile = /home/dmoseng/data/gain/gain_check.Spectral.2014-Oct-16.log
# datestr = Thu Oct 16 09:17:38 2014
# mode = Spectral
# flatfile1 = d1002_0118.fits
# flatfile2 = d1002_0119.fits
# flatfile3 = d1002_0120.fits
# flatfile4 = d1002_0121.fits
# flatfile5 = d1002_0122.fits
# zerofile1 = d1002_0115.fits
# zerofile2 = d1002_0116.fits
# column1 = videoinp
# column2 = amploc
# column3 = ccdloc
# column4 = amptype
# column5 = gain [e-/DN]
# column6 = sigma_gain [e-/DN]
# column7 = readnoise [e-]
# column8 = sigma_readnoise [e-]
#----------------------------------------
   2 1   1   B         1.2383    0.011847      2.5964    0.024838
   4 3   2   B         1.1928    0.012020      2.5009    0.025203
   6 5   3   B         1.2828    0.015846      2.6896    0.033223
   8 7   4   B         1.2228    0.016965      2.5639    0.035569
  10 10  5   B         1.1832    0.012805      2.4807    0.026849
  12 12  6   B         1.2280   0.0097393      2.5747    0.020420
  14 14  7   B         1.2338    0.015723      2.5868    0.032966
  16 16  8   B         1.2325    0.021226      2.5841    0.044504
