# logfile = /s/sdata1004/ccd_gain/gain_check.Spectral.2022-Jan-28.log
# datestr = Fri Jan 28 12:00:22 2022
# mode = Spectral
# flatfile1 = /sdata1005/dmoseng/2022jan29/d0129_0028.fits
# flatfile2 = /sdata1005/dmoseng/2022jan29/d0129_0029.fits
# flatfile3 = /sdata1005/dmoseng/2022jan29/d0129_0030.fits
# flatfile4 = /sdata1005/dmoseng/2022jan29/d0129_0031.fits
# flatfile5 = /sdata1005/dmoseng/2022jan29/d0129_0032.fits
# zerofile1 = /sdata1005/dmoseng/2022jan29/d0129_0025.fits
# zerofile2 = /sdata1005/dmoseng/2022jan29/d0129_0026.fits
# column1 = videoinp
# column2 = amploc
# column3 = ccdloc
# column4 = amptype
# column5 = gain [e-/DN]
# column6 = sigma_gain [e-/DN]
# column7 = readnoise [e-]
# column8 = sigma_readnoise [e-]
#----------------------------------------
   2 1   1   B         1.1807    0.016548      2.4756    0.034696
   4 3   2   B         1.1665    0.014687      2.4458    0.030793
   6 5   3   B         1.2651    0.020633      2.6524    0.043261
   8 7   4   B         1.2141    0.016772      2.5455    0.035166
  10 10  5   B         1.2440    0.015827      49.645     0.64153
  12 12  6   B         1.1960    0.014870      2.5077    0.031179
  14 14  7   B         1.1928    0.019778      2.5008    0.041469
  16 16  8   B         1.2046    0.018750      2.5258    0.039313
