# logfile = /home/dmoseng/data/gain/gain_check.Spectral.2011-Mar-22.log
# datestr = Tue Mar 22 16:30:50 2011
# mode = Spectral
# flatfile1 = d0323_0032.fits
# flatfile2 = d0323_0033.fits
# flatfile3 = d0323_0034.fits
# flatfile4 = d0323_0035.fits
# flatfile5 = d0323_0036.fits
# zerofile1 = d0323_0029.fits
# zerofile2 = d0323_0030.fits
# column1 = videoinp
# column2 = amploc
# column3 = ccdloc
# column4 = amptype
# column5 = gain [e-/DN]
# column6 = sigma_gain [e-/DN]
# column7 = readnoise [e-]
# column8 = sigma_readnoise [e-]
#----------------------------------------
   2 1   1   B         1.2373    0.017257      2.5942    0.036182
   4 3   2   B         1.2004    0.013552      2.5168    0.028414
   6 5   3   B         1.2831    0.015400      2.6903    0.032289
   8 7   4   B         1.2261    0.012610      2.5706    0.026440
  10 10  5   B         1.1742    0.015490      2.4620    0.032477
  12 12  6   B         1.2334    0.019305      2.5860    0.040476
  14 14  7   B         1.2414    0.017901      2.6029    0.037532
  16 16  8   B         1.2383    0.016877      2.5964    0.035386
