# logfile = /home/dmoseng/data/gain/gain_check.Spectral.2018-Aug-17.log
# datestr = Fri Aug 17 13:47:34 2018
# mode = Spectral
# flatfile1 = d0818_0049.fits
# flatfile2 = d0818_0050.fits
# flatfile3 = d0818_0051.fits
# flatfile4 = d0818_0052.fits
# flatfile5 = d0818_0053.fits
# zerofile1 = d0818_0046.fits
# zerofile2 = d0818_0047.fits
# column1 = videoinp
# column2 = amploc
# column3 = ccdloc
# column4 = amptype
# column5 = gain [e-/DN]
# column6 = sigma_gain [e-/DN]
# column7 = readnoise [e-]
# column8 = sigma_readnoise [e-]
#----------------------------------------
   2 1   1   B         1.2258    0.014794      2.5702    0.031018
   4 3   2   B         1.1846    0.012110      2.4836    0.025391
   6 5   3   B         1.2534    0.022234      2.6280    0.046617
   8 7   4   B         1.2130    0.016369      2.5432    0.034321
  10 10  5   B         1.1527    0.020908      72.505      1.5219
  12 12  6   B         1.2090    0.014065      2.5348    0.029489
  14 14  7   B         1.2045    0.024690      2.5254    0.051767
  16 16  8   B         1.2123    0.019730      2.5418    0.041368
