# logfile = /home/dmoseng/data/gain/gain_check.Spectral.2018-Aug-08.log
# datestr = Wed Aug  8 19:00:52 2018
# mode = Spectral
# flatfile1 = d0809_0041.fits
# flatfile2 = d0809_0042.fits
# flatfile3 = d0809_0043.fits
# flatfile4 = d0809_0044.fits
# flatfile5 = d0809_0045.fits
# zerofile1 = d0809_0038.fits
# zerofile2 = d0809_0039.fits
# column1 = videoinp
# column2 = amploc
# column3 = ccdloc
# column4 = amptype
# column5 = gain [e-/DN]
# column6 = sigma_gain [e-/DN]
# column7 = readnoise [e-]
# column8 = sigma_readnoise [e-]
#----------------------------------------
   2 1   1   B         1.2295    0.018903      2.5779    0.039633
   4 3   2   B         1.1898    0.014626      2.4947    0.030666
   6 5   3   B         1.2561    0.017747      2.6337    0.037210
   8 7   4   B         1.2122    0.015883      2.5416    0.033302
  10 10  5   B         1.1885    0.013691      46.100     0.55044
  12 12  6   B         1.1787    0.014554      2.4714    0.030516
  14 14  7   B         1.2046    0.019454      2.5258    0.040789
  16 16  8   B         1.2187    0.019083      2.5551    0.040012
