# logfile = /s/sdata1004/ccd_gain/gain_check.Spectral.2021-Sep-05.log
# datestr = Sun Sep  5 21:52:44 2021
# mode = Spectral
# flatfile1 = /sdata1004/deimos5/2021sep06/d0906_0031.fits
# flatfile2 = /sdata1004/deimos5/2021sep06/d0906_0032.fits
# flatfile3 = /sdata1004/deimos5/2021sep06/d0906_0033.fits
# flatfile4 = /sdata1004/deimos5/2021sep06/d0906_0034.fits
# flatfile5 = /sdata1004/deimos5/2021sep06/d0906_0035.fits
# zerofile1 = /sdata1004/deimos5/2021sep06/d0906_0028.fits
# zerofile2 = /sdata1004/deimos5/2021sep06/d0906_0029.fits
# column1 = videoinp
# column2 = amploc
# column3 = ccdloc
# column4 = amptype
# column5 = gain [e-/DN]
# column6 = sigma_gain [e-/DN]
# column7 = readnoise [e-]
# column8 = sigma_readnoise [e-]
#----------------------------------------
   2 1   1   B         1.1769    0.014017      2.4675    0.029388
   4 3   2   B         1.1713    0.013729      2.4558    0.028786
   6 5   3   B         1.2662    0.014527      2.6548    0.030458
   8 7   4   B         1.2096    0.014317      2.5361    0.030020
  10 10  5   B         1.2451    0.021739      49.657     0.92815
  12 12  6   B         1.1998    0.013918      2.5155    0.029182
  14 14  7   B         1.1940    0.017864      2.5035    0.037455
  16 16  8   B         1.2083    0.020350      2.5335    0.042668
