# logfile = /home/dmoseng/data/gain/gain_check.Spectral.2019-Nov-27.log
# datestr = Wed Nov 27 07:17:10 2019
# mode = Spectral
# flatfile1 = d1127_0033.fits
# flatfile2 = d1127_0034.fits
# flatfile3 = d1127_0035.fits
# flatfile4 = d1127_0036.fits
# flatfile5 = d1127_0037.fits
# zerofile1 = d1127_0030.fits
# zerofile2 = d1127_0031.fits
# column1 = videoinp
# column2 = amploc
# column3 = ccdloc
# column4 = amptype
# column5 = gain [e-/DN]
# column6 = sigma_gain [e-/DN]
# column7 = readnoise [e-]
# column8 = sigma_readnoise [e-]
#----------------------------------------
   2 1   1   B         1.1976    0.018316      2.5109    0.038403
   4 3   2   B         1.1776    0.014791      2.4691    0.031012
   6 5   3   B         1.2662    0.018171      2.6601    0.049276
   8 7   4   B         1.2109    0.018896      2.5389    0.039620
  10 10  5   B         1.2188    0.012733      10.222     0.10679
  12 12  6   B         1.1981    0.015882      2.5121    0.033299
  14 14  7   B         1.1958    0.019669      2.5073    0.041240
  16 16  8   B         1.2065    0.018818      2.5295    0.039454
