# logfile = /s/sdata1004/ccd_gain/gain_check.Spectral.2021-Jun-21.log
# datestr = Mon Jun 21 15:44:05 2021
# mode = Spectral
# flatfile1 = /sdata1005/deimos5/2021jun22/d0622_0028.fits
# flatfile2 = /sdata1005/deimos5/2021jun22/d0622_0029.fits
# flatfile3 = /sdata1005/deimos5/2021jun22/d0622_0030.fits
# flatfile4 = /sdata1005/deimos5/2021jun22/d0622_0031.fits
# flatfile5 = /sdata1005/deimos5/2021jun22/d0622_0032.fits
# zerofile1 = /sdata1005/deimos5/2021jun22/d0622_0025.fits
# zerofile2 = /sdata1005/deimos5/2021jun22/d0622_0026.fits
# column1 = videoinp
# column2 = amploc
# column3 = ccdloc
# column4 = amptype
# column5 = gain [e-/DN]
# column6 = sigma_gain [e-/DN]
# column7 = readnoise [e-]
# column8 = sigma_readnoise [e-]
#----------------------------------------
   2 1   1   B         1.1745    0.014859      2.4626    0.031155
   4 3   2   B         1.1705    0.014887      2.4543    0.031215
   6 5   3   B         1.2664    0.019951      2.6552    0.041832
   8 7   4   B         1.2125    0.018441      2.5422    0.038666
  10 10  5   B         1.2477    0.015190      49.823     0.85666
  12 12  6   B         1.1946    0.014515      2.5048    0.030435
  14 14  7   B         1.1995    0.014121      2.5134    0.033242
  16 16  8   B         1.2010    0.016029      2.5180    0.033608
