# logfile = /home/dmoseng/data/gain/gain_check.Spectral.2015-Sep-02.log
# datestr = Wed Sep  2 10:15:55 2015
# mode = Spectral
# flatfile1 = d0903_0020.fits
# flatfile2 = d0903_0021.fits
# flatfile3 = d0903_0022.fits
# flatfile4 = d0903_0023.fits
# flatfile5 = d0903_0024.fits
# zerofile1 = d0903_0017.fits
# zerofile2 = d0903_0018.fits
# column1 = videoinp
# column2 = amploc
# column3 = ccdloc
# column4 = amptype
# column5 = gain [e-/DN]
# column6 = sigma_gain [e-/DN]
# column7 = readnoise [e-]
# column8 = sigma_readnoise [e-]
#----------------------------------------
   2 1   1   B         1.2241    0.014902      2.5667    0.031245
   4 3   2   B         1.1868    0.014966      2.4884    0.031379
   6 5   3   B         1.2472    0.018332      2.6149    0.038436
   8 7   4   B         1.2213    0.019770      2.5607    0.041451
  10 10  5   B         1.1859    0.016468      2.4864    0.034528
  12 12  6   B         1.1731    0.016112      2.4597    0.033781
  14 14  7   B         1.2089    0.018771      2.5346    0.039357
  16 16  8   B         1.2288    0.015812      2.5763    0.033153
