# logfile = /home/dmoseng/data/gain/gain_check.Spectral.2010-Feb-02.log
# datestr = Tue Feb  2 15:44:29 2010
# mode = Spectral
# flatfile1 = d0203_0031.fits
# flatfile2 = d0203_0032.fits
# flatfile3 = d0203_0033.fits
# flatfile4 = d0203_0034.fits
# flatfile5 = d0203_0035.fits
# zerofile1 = d0203_0028.fits
# zerofile2 = d0203_0029.fits
# column1 = videoinp
# column2 = amploc
# column3 = ccdloc
# column4 = amptype
# column5 = gain [e-/DN]
# column6 = sigma_gain [e-/DN]
# column7 = readnoise [e-]
# column8 = sigma_readnoise [e-]
#----------------------------------------
   2 1   1   B         1.2495    0.016988      2.6199    0.035619
   4 3   2   B         1.2123    0.014090      2.5419    0.029542
   6 5   3   B         1.3025    0.015894      2.7310    0.033325
   8 7   4   B         1.2342    0.017543      2.5878    0.036783
  10 10  5   B         1.2080    0.012037      2.5328    0.025239
  12 12  6   B         1.2571    0.015757      2.6358    0.033037
  14 14  7   B         1.2716    0.016143      2.6661    0.033847
  16 16  8   B         1.2476    0.016488      2.6158    0.034571
