# logfile = /home/dmoseng/data/gain/gain_check.Spectral.2012-Mar-14.log
# datestr = Wed Mar 14 18:36:02 2012
# mode = Spectral
# flatfile1 = d0315_0029.fits
# flatfile2 = d0315_0030.fits
# flatfile3 = d0315_0031.fits
# flatfile4 = d0315_0032.fits
# flatfile5 = d0315_0033.fits
# zerofile1 = d0315_0026.fits
# zerofile2 = d0315_0027.fits
# column1 = videoinp
# column2 = amploc
# column3 = ccdloc
# column4 = amptype
# column5 = gain [e-/DN]
# column6 = sigma_gain [e-/DN]
# column7 = readnoise [e-]
# column8 = sigma_readnoise [e-]
#----------------------------------------
   2 1   1   B         1.2954    0.020880      2.7161    0.043778
   4 3   2   B     -0.0025916    0.033810  -0.0054338    0.070890
   6 5   3   B      -0.070068    0.052860    -0.14691     0.11083
   8 7   4   B         1.2759    0.030494      2.6751    0.063936
  10 10  5   B      -0.022248      1.8463   -0.046647      3.8712
  12 12  6   B      -0.043049     0.25190   -0.090260     0.52815
  14 14  7   B      -0.047627     0.44556   -0.099858     0.93420
  16 16  8   B         1.1417      1.0050      2.3938      2.1072
