# logfile = /home/dmoseng/data/gain/gain_check.Spectral.2012-Jun-08.log
# datestr = Fri Jun  8 19:21:19 2012
# mode = Spectral
# flatfile1 = d0609_0012.fits
# flatfile2 = d0609_0013.fits
# flatfile3 = d0609_0014.fits
# flatfile4 = d0609_0015.fits
# flatfile5 = d0609_0016.fits
# zerofile1 = d0609_0009.fits
# zerofile2 = d0609_0010.fits
# column1 = videoinp
# column2 = amploc
# column3 = ccdloc
# column4 = amptype
# column5 = gain [e-/DN]
# column6 = sigma_gain [e-/DN]
# column7 = readnoise [e-]
# column8 = sigma_readnoise [e-]
#----------------------------------------
   2 1   1   B         1.2877    0.035452      2.6999    0.074333
   4 3   2   B       0.010673    0.031368    0.022378    0.065768
   6 5   3   B      -0.053563    0.045514    -0.11230    0.095428
   8 7   4   B         1.2690    0.032572      2.6607    0.068293
  10 10  5   B      -0.026000      1.8219   -0.054514      3.8200
  12 12  6   B      -0.061328     0.31849    -0.12859     0.66777
  14 14  7   B      -0.039479     0.30503   -0.082776     0.63955
  16 16  8   B       0.023301      1.8383    0.048854      3.8542
