# logfile = /home/dmoseng/data/gain/gain_check.Spectral.2016-Dec-17.log
# datestr = Sat Dec 17 12:46:23 2016
# mode = Spectral
# flatfile1 = d1218_0013.fits
# flatfile2 = d1218_0014.fits
# flatfile3 = d1218_0015.fits
# flatfile4 = d1218_0016.fits
# flatfile5 = d1218_0017.fits
# zerofile1 = d1218_0010.fits
# zerofile2 = d1218_0011.fits
# column1 = videoinp
# column2 = amploc
# column3 = ccdloc
# column4 = amptype
# column5 = gain [e-/DN]
# column6 = sigma_gain [e-/DN]
# column7 = readnoise [e-]
# column8 = sigma_readnoise [e-]
#----------------------------------------
   2 1   1   B         1.2236    0.011889      2.5656    0.024927
   4 3   2   B         1.1809    0.016367      2.4759    0.034316
   6 5   3   B         1.2658    0.018454      2.6540    0.038692
   8 7   4   B         1.2086    0.012865      2.5341    0.026973
  10 10  5   B         1.1813    0.016549      2.4768    0.034698
  12 12  6   B         1.1712    0.016075      2.4555    0.033703
  14 14  7   B         1.2074    0.014781      2.5315    0.030992
  16 16  8   B         1.2180    0.017573      2.5538    0.036845
