# logfile = /home/dmoseng/data/gain/gain_check.Spectral.2019-Nov-19.log
# datestr = Tue Nov 19 08:18:04 2019
# mode = Spectral
# flatfile1 = d1119_0012.fits
# flatfile2 = d1119_0013.fits
# flatfile3 = d1119_0014.fits
# flatfile4 = d1119_0015.fits
# flatfile5 = d1119_0016.fits
# zerofile1 = d1119_0009.fits
# zerofile2 = d1119_0010.fits
# column1 = videoinp
# column2 = amploc
# column3 = ccdloc
# column4 = amptype
# column5 = gain [e-/DN]
# column6 = sigma_gain [e-/DN]
# column7 = readnoise [e-]
# column8 = sigma_readnoise [e-]
#----------------------------------------
   2 1   1   B         1.1995    0.014499      2.5150    0.030399
   4 3   2   B         1.1785    0.018128      2.4709    0.038008
   6 5   3   B         1.2657    0.018768      2.6537    0.039351
   8 7   4   B         1.2116    0.011994      2.5404    0.025147
  10 10  5   B         1.2244    0.014415      11.552     0.13601
  12 12  6   B         1.1976    0.012540      2.5111    0.026293
  14 14  7   B         1.1962    0.017082      2.5081    0.035816
  16 16  8   B         1.2029    0.016211      2.5221    0.033990
