# logfile = /home/dmoseng/data/gain/gain_check.Spectral.2016-May-03.log
# datestr = Tue May  3 11:51:16 2016
# mode = Spectral
# flatfile1 = d0504_0019.fits
# flatfile2 = d0504_0020.fits
# flatfile3 = d0504_0021.fits
# flatfile4 = d0504_0022.fits
# flatfile5 = d0504_0023.fits
# zerofile1 = d0504_0016.fits
# zerofile2 = d0504_0017.fits
# column1 = videoinp
# column2 = amploc
# column3 = ccdloc
# column4 = amptype
# column5 = gain [e-/DN]
# column6 = sigma_gain [e-/DN]
# column7 = readnoise [e-]
# column8 = sigma_readnoise [e-]
#----------------------------------------
   2 1   1   B         1.2290    0.019546      2.5769    0.040982
   4 3   2   B         1.1912    0.014325      2.4976    0.030035
   6 5   3   B         1.2530    0.017393      2.6272    0.036468
   8 7   4   B         1.2128    0.020270      2.5428    0.042500
  10 10  5   B         1.1822    0.016111      2.4788    0.033779
  12 12  6   B         1.1777    0.015879      2.4692    0.033293
  14 14  7   B         1.2039    0.018087      2.5241    0.037924
  16 16  8   B         1.2269    0.019902      2.5725    0.041727
