# logfile = /home/dmoseng/data/gain/gain_check.Spectral.2019-Dec-29.log
# datestr = Sun Dec 29 13:18:16 2019
# mode = Spectral
# flatfile1 = d1230_0020.fits
# flatfile2 = d1230_0021.fits
# flatfile3 = d1230_0022.fits
# flatfile4 = d1230_0023.fits
# flatfile5 = d1230_0024.fits
# zerofile1 = d1230_0017.fits
# zerofile2 = d1230_0018.fits
# column1 = videoinp
# column2 = amploc
# column3 = ccdloc
# column4 = amptype
# column5 = gain [e-/DN]
# column6 = sigma_gain [e-/DN]
# column7 = readnoise [e-]
# column8 = sigma_readnoise [e-]
#----------------------------------------
   2 1   1   B         1.2002    0.012522      2.5165    0.026256
   4 3   2   B         1.1825    0.018664      2.4792    0.039631
   6 5   3   B         1.2631    0.019084      2.6484    0.040013
   8 7   4   B         1.2107    0.013472      2.5385    0.028246
  10 10  5   B         1.2226    0.017119      11.535     0.16152
  12 12  6   B         1.1986    0.018368      2.5130    0.038513
  14 14  7   B         1.1940    0.011159      2.5034    0.023396
  16 16  8   B         1.2023    0.023357      2.5209    0.048972
