# logfile = /home/dmoseng/data/gain/gain_check.Spectral.2013-Aug-26.log
# datestr = Mon Aug 26 14:06:51 2013
# mode = Spectral
# flatfile1 = d0827_0024.fits
# flatfile2 = d0827_0025.fits
# flatfile3 = d0827_0026.fits
# flatfile4 = d0827_0027.fits
# flatfile5 = d0827_0028.fits
# zerofile1 = d0827_0021.fits
# zerofile2 = d0827_0022.fits
# column1 = videoinp
# column2 = amploc
# column3 = ccdloc
# column4 = amptype
# column5 = gain [e-/DN]
# column6 = sigma_gain [e-/DN]
# column7 = readnoise [e-]
# column8 = sigma_readnoise [e-]
#----------------------------------------
   2 1   1   B         1.2399    0.018475      2.5996    0.038738
   4 3   2   B         1.1989   0.0099758      2.5137    0.020916
   6 5   3   B         1.2874    0.021868      2.6993    0.045851
   8 7   4   B         1.2219    0.015812      2.5620    0.033153
  10 10  5   B         1.1802    0.016415      2.4744    0.034417
  12 12  6   B         1.2345    0.014758      2.5884    0.030942
  14 14  7   B         1.2434    0.015982      2.6071    0.033509
  16 16  8   B         1.2427    0.015165      2.6056    0.031797
