# logfile = /home/dmoseng/data/gain/gain_check.Spectral.2010-Jan-07.log
# datestr = Thu Jan  7 18:52:44 2010
# mode = Spectral
# flatfile1 = d0108_0025.fits
# flatfile2 = d0108_0026.fits
# flatfile3 = d0108_0027.fits
# flatfile4 = d0108_0028.fits
# flatfile5 = d0108_0029.fits
# zerofile1 = d0108_0022.fits
# zerofile2 = d0108_0023.fits
# column1 = videoinp
# column2 = amploc
# column3 = ccdloc
# column4 = amptype
# column5 = gain [e-/DN]
# column6 = sigma_gain [e-/DN]
# column7 = readnoise [e-]
# column8 = sigma_readnoise [e-]
#----------------------------------------
   2 1   1   B         1.2307    0.015383      2.5842    0.036501
   4 3   2   B         1.1781    0.015948      3.6750     0.11597
   6 5   3   B         1.2743    0.018952      3.9462     0.21983
   8 7   4   B         1.2102    0.016204      2.5998     0.14472
  10 10  5   B         1.1870    0.015530      3.7328    0.050243
  12 12  6   B         1.2201    0.015640      3.8338    0.054704
  14 14  7   B         1.2387    0.015916      3.8873    0.058044
  16 16  8   B         1.2384    0.015951      3.8731     0.11834
