# logfile = /home/dmoseng/data/gain/gain_check.Spectral.2017-May-16.log
# datestr = Tue May 16 14:20:35 2017
# mode = Spectral
# flatfile1 = d0517_0040.fits
# flatfile2 = d0517_0041.fits
# flatfile3 = d0517_0042.fits
# flatfile4 = d0517_0043.fits
# flatfile5 = d0517_0044.fits
# zerofile1 = d0517_0037.fits
# zerofile2 = d0517_0038.fits
# column1 = videoinp
# column2 = amploc
# column3 = ccdloc
# column4 = amptype
# column5 = gain [e-/DN]
# column6 = sigma_gain [e-/DN]
# column7 = readnoise [e-]
# column8 = sigma_readnoise [e-]
#----------------------------------------
   2 1   1   B         1.2323    0.020039      2.5837    0.042016
   4 3   2   B         1.1895    0.014123      2.4940    0.029611
   6 5   3   B         1.2641    0.015674      2.6504    0.032865
   8 7   4   B         1.2170    0.017782      2.5517    0.037282
  10 10  5   B         1.1852    0.013900      2.4851    0.029144
  12 12  6   B         1.1786    0.017380      2.4711    0.036441
  14 14  7   B         1.2058    0.016132      2.5282    0.033823
  16 16  8   B         1.2185    0.020124      2.5547    0.042194
