# logfile = /home/dmoseng/data/gain/gain_check.Spectral.2016-Nov-22.log
# datestr = Tue Nov 22 16:08:20 2016
# mode = Spectral
# flatfile1 = d1123_0020.fits
# flatfile2 = d1123_0021.fits
# flatfile3 = d1123_0022.fits
# flatfile4 = d1123_0023.fits
# flatfile5 = d1123_0024.fits
# zerofile1 = d1123_0017.fits
# zerofile2 = d1123_0018.fits
# column1 = videoinp
# column2 = amploc
# column3 = ccdloc
# column4 = amptype
# column5 = gain [e-/DN]
# column6 = sigma_gain [e-/DN]
# column7 = readnoise [e-]
# column8 = sigma_readnoise [e-]
#----------------------------------------
   2 1   1   B         1.2277    0.015946      2.5740    0.033433
   4 3   2   B         1.1861    0.013892      2.4868    0.029127
   6 5   3   B         1.2595    0.017462      2.6409    0.036612
   8 7   4   B         1.2115    0.013082      2.5401    0.027430
  10 10  5   B         1.1860    0.016438      2.4867    0.034466
  12 12  6   B         1.1741    0.014493      2.4617    0.030388
  14 14  7   B         1.2098    0.017949      2.5365    0.037633
  16 16  8   B         1.2236    0.019146      2.5655    0.040142
