# logfile = /home/dmoseng/data/gain/gain_check.Spectral.2012-Jun-15.log
# datestr = Fri Jun 15 16:48:03 2012
# mode = Spectral
# flatfile1 = d0616_0019.fits
# flatfile2 = d0616_0020.fits
# flatfile3 = d0616_0021.fits
# flatfile4 = d0616_0022.fits
# flatfile5 = d0616_0023.fits
# zerofile1 = d0616_0006.fits
# zerofile2 = d0616_0007.fits
# column1 = videoinp
# column2 = amploc
# column3 = ccdloc
# column4 = amptype
# column5 = gain [e-/DN]
# column6 = sigma_gain [e-/DN]
# column7 = readnoise [e-]
# column8 = sigma_readnoise [e-]
#----------------------------------------
   2 1   1   B         1.2932    0.029740      2.7115    0.062355
   4 3   2   B       0.011687    0.033556    0.024504    0.070356
   6 5   3   B      -0.048902    0.050504    -0.10253     0.10589
   8 7   4   B         1.2723    0.038358      2.6676    0.080425
  10 10  5   B      -0.020417      1.8393   -0.042809      3.8564
  12 12  6   B      -0.020540     0.38584   -0.043067     0.80899
  14 14  7   B      -0.027368     0.38496   -0.057382     0.80714
  16 16  8   B       0.026922      1.8322    0.056447      3.8416
