# logfile = /s/sdata1004/ccd_gain/gain_check.Spectral.2021-May-31.log
# datestr = Mon May 31 17:25:18 2021
# mode = Spectral
# flatfile1 = /sdata1005/deimos6/2021jun01/d0601_0042.fits
# flatfile2 = /sdata1005/deimos6/2021jun01/d0601_0043.fits
# flatfile3 = /sdata1005/deimos6/2021jun01/d0601_0044.fits
# flatfile4 = /sdata1005/deimos6/2021jun01/d0601_0045.fits
# flatfile5 = /sdata1005/deimos6/2021jun01/d0601_0046.fits
# zerofile1 = /sdata1005/deimos6/2021jun01/d0601_0039.fits
# zerofile2 = /sdata1005/deimos6/2021jun01/d0601_0040.fits
# column1 = videoinp
# column2 = amploc
# column3 = ccdloc
# column4 = amptype
# column5 = gain [e-/DN]
# column6 = sigma_gain [e-/DN]
# column7 = readnoise [e-]
# column8 = sigma_readnoise [e-]
#----------------------------------------
   2 1   1   B         1.1760    0.012637      2.4656    0.026495
   4 3   2   B         1.1681    0.018016      2.4492    0.037774
   6 5   3   B         1.2695    0.011658      2.6618    0.024443
   8 7   4   B         1.2145    0.013509      2.5464    0.028324
  10 10  5   B         1.2546    0.017951      49.981     0.78462
  12 12  6   B         1.1989    0.016737      2.5138    0.035092
  14 14  7   B         1.1973    0.013628      2.5103    0.028573
  16 16  8   B         1.2117    0.016466      2.5405    0.034525
