# logfile = /home/dmoseng/data/gain/gain_check.Spectral.2009-Dec-08.log
# datestr = Tue Dec  8 15:38:20 2009
# mode = Spectral
# flatfile1 = d1209_0019.fits
# flatfile2 = d1209_0020.fits
# flatfile3 = d1209_0021.fits
# flatfile4 = d1209_0022.fits
# flatfile5 = d1209_0023.fits
# zerofile1 = d1209_0016.fits
# zerofile2 = d1209_0017.fits
# column1 = videoinp
# column2 = amploc
# column3 = ccdloc
# column4 = amptype
# column5 = gain [e-/DN]
# column6 = sigma_gain [e-/DN]
# column7 = readnoise [e-]
# column8 = sigma_readnoise [e-]
#----------------------------------------
   2 1   1   B         1.2302    0.011631      2.5793    0.024387
   4 3   2   B         1.1926    0.020326      2.5005    0.042617
   6 5   3   B         1.2839    0.020784      2.6919    0.043577
   8 7   4   B         1.2167    0.014322      2.5510    0.030029
  10 10  5   B         1.1881    0.011229      2.4911    0.023544
  12 12  6   B         1.2225    0.016062      2.5631    0.033677
  14 14  7   B         1.2446    0.019568      2.6096    0.041027
  16 16  8   B         1.2391    0.018598      2.5980    0.038994
