# logfile = /home/dmoseng/data/gain/gain_check.Spectral.2017-Dec-10.log
# datestr = Sun Dec 10 12:37:17 2017
# mode = Spectral
# flatfile1 = d1211_0058.fits
# flatfile2 = d1211_0059.fits
# flatfile3 = d1211_0060.fits
# flatfile4 = d1211_0061.fits
# flatfile5 = d1211_0062.fits
# zerofile1 = d1211_0055.fits
# zerofile2 = d1211_0056.fits
# column1 = videoinp
# column2 = amploc
# column3 = ccdloc
# column4 = amptype
# column5 = gain [e-/DN]
# column6 = sigma_gain [e-/DN]
# column7 = readnoise [e-]
# column8 = sigma_readnoise [e-]
#----------------------------------------
   2 1   1   B         1.2289    0.019152      2.5765    0.040156
   4 3   2   B         1.1908    0.013613      2.4967    0.028542
   6 5   3   B         1.2580    0.014939      2.6377    0.031323
   8 7   4   B         1.2208    0.014682      2.5596    0.030782
  10 10  5   B         1.1896    0.015113      2.4941    0.031687
  12 12  6   B         1.1798    0.016436      2.4736    0.034460
  14 14  7   B         1.2086    0.017708      2.5341    0.037128
  16 16  8   B         1.2246    0.016546      2.5677    0.034691
