# logfile = /home/dmoseng/data/gain/gain_check.Spectral.2015-Dec-30.log
# datestr = Wed Dec 30 12:19:25 2015
# mode = Spectral
# flatfile1 = d1231_0020.fits
# flatfile2 = d1231_0021.fits
# flatfile3 = d1231_0022.fits
# flatfile4 = d1231_0023.fits
# flatfile5 = d1231_0024.fits
# zerofile1 = d1231_0017.fits
# zerofile2 = d1231_0018.fits
# column1 = videoinp
# column2 = amploc
# column3 = ccdloc
# column4 = amptype
# column5 = gain [e-/DN]
# column6 = sigma_gain [e-/DN]
# column7 = readnoise [e-]
# column8 = sigma_readnoise [e-]
#----------------------------------------
   2 1   1   B         1.2258    0.014835      2.5702    0.031105
   4 3   2   B         1.1880    0.018384      2.4908    0.038546
   6 5   3   B         1.2485    0.021065      2.6178    0.044167
   8 7   4   B         1.2196    0.018644      2.5571    0.039091
  10 10  5   B         1.1836    0.016151      2.4817    0.033865
  12 12  6   B         1.1773    0.013685      2.4685    0.028692
  14 14  7   B         1.2010    0.014121      2.5181    0.029608
  16 16  8   B         1.2304    0.017647      2.5798    0.037000
