# logfile = /home/dmoseng/data/gain/gain_check.Spectral.2009-Sep-30.log
# datestr = Wed Sep 30 12:03:56 2009
# mode = Spectral
# flatfile1 = d1001_0012.fits
# flatfile2 = d1001_0013.fits
# flatfile3 = d1001_0014.fits
# flatfile4 = d1001_0015.fits
# flatfile5 = d1001_0016.fits
# zerofile1 = d1001_0009.fits
# zerofile2 = d1001_0010.fits
# column1 = videoinp
# column2 = amploc
# column3 = ccdloc
# column4 = amptype
# column5 = gain [e-/DN]
# column6 = sigma_gain [e-/DN]
# column7 = readnoise [e-]
# column8 = sigma_readnoise [e-]
#----------------------------------------
   2 1   1   B         1.2368    0.017979      2.5932    0.037697
   4 3   2   B         1.1971    0.010991      2.5100    0.023045
   6 5   3   B         1.2879    0.020437      2.7003    0.042850
   8 7   4   B         1.2213    0.013399      2.5606    0.028093
  10 10  5   B         1.1982    0.014304      2.5122    0.029991
  12 12  6   B         1.2377    0.013868      2.5951    0.029076
  14 14  7   B         1.2576    0.010402      2.6367    0.021809
  16 16  8   B         1.2433    0.019290      2.6068    0.040445
