wave      flag   label
3247.540    1	CuAr+CuNe
3273.962    1	CuAr+CuNe
3447.703    1	CuAr+CuNe
3520.472    1	CuAr+CuNe
3713.08     1	CuAr+CuNe
3777.13     1	CuAr+CuNe
3947.53     1	CuAr+CuNe
4022.66     1	CuAr+CuNe
4043.90     1	CuAr+CuNe
4072.11     1	CuAr+CuNe
4103.912    1	CuAr+CuNe
4131.724    1	CuAr+CuNe
4158.591    1	CuAr+CuNe
4181.884    1	CuAr+CuNe
4190.87     1	CuAr+CuNe
4198.317    1	CuAr+CuNe
4259.362    1	CuAr+CuNe
4275.11     1	CuAr+CuNe
4277.528    1	CuAr+CuNe
4300.101    1	CuAr+CuNe
4331.31     1	CuAr+CuNe
4348.064    1	CuAr+CuNe
4370.753    1	CuAr+CuNe
4427.05     1	CuAr+CuNe
4474.759    1	CuAr+CuNe
4481.811    1	CuAr+CuNe
4510.733    1	CuAr+CuNe
4530.82     1	CuAr+CuNe
4545.052    1	CuAr+CuNe
4579.350    1	CuAr+CuNe
4589.899    1	CuAr+CuNe
4609.567    1	CuAr+CuNe
4651.13     1	CuAr+CuNe
4657.901    1	CuAr+CuNe
4702.316    1	CuAr+CuNe
4704.395    1	CuAr+CuNe
4726.868    1	CuAr+CuNe
4735.906    1	CuAr+CuNe
4764.865    1	CuAr+CuNe
4806.021    1	CuAr+CuNe
4847.810    1	CuAr+CuNe
4879.864    1	CuAr+CuNe
4884.915    1	CuAr+CuNe
4889.042    1	CuAr+CuNe
4933.209    1	CuAr+CuNe
4965.08     1	CuAr+CuNe
5009.334    1	CuAr+CuNe
5017.163    1	CuAr+CuNe
5037.7505   1	CuAr+CuNe
5062.037    1	CuAr+CuNe
5080.383    1	CuAr+CuNe
5090.495    1	CuAr+CuNe
5105.541    1	CuAr+CuNe
5116.503    1	CuAr+CuNe
5141.783    1	CuAr+CuNe
5153.235    1	CuAr+CuNe
5162.285    1	CuAr+CuNe
5187.746    1	CuAr+CuNe
5218.202    1	CuAr+CuNe
5221.07     1	CuAr+CuNe
5253.13     1	CuAr+CuNe
5330.778    1	CuAr+CuNe
5341.091    1	CuAr+CuNe
5373.494    1	CuAr+CuNe
5400.5619   1	CuAr+CuNe
5421.352    1	CuAr+CuNe
5451.652    1	CuAr+CuNe
5495.874    1	CuAr+CuNe
5506.113    1	CuAr+CuNe
5524.957    1	CuAr+CuNe
5558.702    1	CuAr+CuNe
5572.541    1	CuAr+CuNe
5606.733    1	CuAr+CuNe
5650.704    1	CuAr+CuNe
5681.900    1	CuAr+CuNe
5689.910    1	CuAr+CuNe
5739.520    1	CuAr+CuNe
5748.299    1	CuAr+CuNe
5764.418    1	CuAr+CuNe
5772.114    1	CuAr+CuNe
5802.080    1	CuAr+CuNe
5834.263    1	CuAr+CuNe
5852.4878   1	CuAr+CuNe
5860.310    1	CuAr+CuNe
5881.8950   1	CuAr+CuNe
5882.624    1	CuAr+CuNe
5888.584    1	CuAr+CuNe
5912.085    1	CuAr+CuNe
5928.813    1	CuAr+CuNe
5944.834    1	CuAr+CuNe
5975.534    1	CuAr+CuNe
5987.302    1	CuAr+CuNe
5998.999    1	CuAr+CuNe
6025.150    1	CuAr+CuNe
6030.000    1	CuAr+CuNe
6032.127    1	CuAr+CuNe
6043.223    1	CuAr+CuNe
6052.723    1	CuAr+CuNe
6059.373    1	CuAr+CuNe
6074.338    1	CuAr+CuNe
6096.163    1	CuAr+CuNe
6098.803    1	CuAr+CuNe
6105.635    1	CuAr+CuNe
6114.923    1	CuAr+CuNe
6143.063    1	CuAr+CuNe
6145.441    1	CuAr+CuNe
6155.239    1	CuAr+CuNe
6163.594    1	CuAr+CuNe
6172.03     1	CuAr+CuNe
6214.02     1	CuAr+CuNe
6217.281    1	CuAr+CuNe
6243.120    1	CuAr+CuNe
6266.495    1	CuAr+CuNe
6296.872    1	CuAr+CuNe
6304.789    1	CuAr+CuNe
6307.657    1	CuAr+CuNe
6334.428    1	CuAr+CuNe
6369.575    1	CuAr+CuNe
6382.991    1	CuAr+CuNe
6384.717    1	CuAr+CuNe
6402.247    1	CuAr+CuNe
6416.307    1	CuAr+CuNe
6506.528    1	CuAr+CuNe
6532.882    1	CuAr+CuNe
6598.953    1	CuAr+CuNe
6677.282    1	CuAr+CuNe
6678.277    1	CuAr+CuNe
6684.293    1	CuAr+CuNe
6717.043    1	CuAr+CuNe
6752.834    1	CuAr+CuNe
6871.289    1	CuAr+CuNe
6929.468    1	CuAr+CuNe
6937.664    1	CuAr+CuNe
6965.430    1	CuAr+CuNe
7030.252    1	CuAr+CuNe
7032.413    1	CuAr+CuNe
7067.218    1	CuAr+CuNe
7107.478    1	CuAr+CuNe
7125.820    1	CuAr+CuNe
7147.042    1	CuAr+CuNe
7173.939    1	CuAr+CuNe
7206.980    1	CuAr+CuNe
7245.167    1	CuAr+CuNe
7272.936    1	CuAr+CuNe
7311.716    1	CuAr+CuNe
7353.293    1	CuAr+CuNe
7372.118    1	CuAr+CuNe
7383.981    1	CuAr+CuNe
7535.775    1	CuAr+CuNe
7635.106    1	CuAr+CuNe
7435.368    1	CuAr+CuNe
7438.899    1	CuAr+CuNe
7471.164    1	CuAr+CuNe
7488.872    1	CuAr+CuNe
7503.869    1	CuAr+CuNe
7514.652    1	CuAr+CuNe
7723.98     1	CuAr+CuNe
7891.075    1	CuAr+CuNe
7943.180    1	CuAr+CuNe
7948.176    1	CuAr+CuNe
8006.157    1	CuAr+CuNe
8014.786    1	CuAr+CuNe
8053.309    1	CuAr+CuNe
8082.458    1	CuAr+CuNe
8103.693    1	CuAr+CuNe
8115.311    1	CuAr+CuNe
8136.406    1	CuAr+CuNe
8264.523    1	CuAr+CuNe
8266.08     1	CuAr+CuNe
8300.326    1	CuAr+CuNe
8377.607    1	CuAr+CuNe
8408.210    1	CuAr+CuNe
8418.427    1	CuAr+CuNe
8424.648    1	CuAr+CuNe
8495.360    1	CuAr+CuNe
8521.442    1	CuAr+CuNe
8591.258    1	CuAr+CuNe
8605.776    1	CuAr+CuNe
8634.648    1	CuAr+CuNe
8654.383    1	CuAr+CuNe
8667.944    1	CuAr+CuNe
8761.686    1	CuAr+CuNe
8849.970    1	CuAr+CuNe
8853.866    1	CuAr+CuNe
8865.670    1	CuAr+CuNe
8919.500    1	CuAr+CuNe
9075.395    1	CuAr+CuNe
9122.967    1	CuAr+CuNe
9148.680    1	CuAr+CuNe
9194.639    1	CuAr+CuNe
9224.499    1	CuAr+CuNe
9291.531    1	CuAr+CuNe
9300.850    1	CuAr+CuNe
9326.520    1	CuAr+CuNe
9354.220    1	CuAr+CuNe
9425.380    1	CuAr+CuNe
9657.786    1	CuAr+CuNe
9665.424    1	CuAr+CuNe
9784.503    1	CuAr+CuNe
