#  wave   flg ID
  5460.74   1 Hg I
  5572.5461 1 Cd I
  5606.7303 1 Cd I
  5650.7014 1 Cd I
  5748.2973 1 Cd I
  5764.4165 1 Cd I
  5769.5294 3 Hg I
  5790.5887 1 Hg I
  5852.488  3 Ne I
  5875.6161 1 He I
  5881.895  3 Ne I
  5944.834  3 Ne I
  5974.627  1 Ne I
  5975.534  1 Ne I
  6029.997  1 Ne I
  6074.338  1 Ne I
  6096.1607 1 Ne I
  6143.0602 1 Ne I
  6163.5913 1 Ne I
  6217.279  1 Ne I
  6266.4923 1 Ne I
  6304.789  1 Ne I
  6334.428  1 Ne I
  6382.992  1 Ne I
  6402.246  1 Ne I
  6506.528  1 Ne I
  6532.882  1 Ne I 
  6598.953  1 Ne I
  6678.276  1 Ne I
  6717.043  1 Ne I
  6929.467  1 Ne I
  7024.050  1 Ne I
  7032.413  1 Ne I
  7173.938  1 Ne I
  7245.167  1 Ne I
  7383.9805 3 Ar I
  7438.90   1 Ne I
  7488.871  1 Ne I
  7503.8691 3 Ar I
  7514.6518 3 Ar I
  7535.774  3 Ne I
  7544.0443 3 Ne I
  7635.106  2 Ar I
  7723.761  1 Ar I
  7724.207  1 Ar I
  7948.176  1 Ar I
  8006.157  1 Ar I
#  8014.786  3 Ar I
  8082.457  1 Ne I
  8103.693  3 Ar I
#  8115.311  1 Ar I
  8118.549  3 Ne I
  8128.911  1 Ne I
  8136.406  1 Ne I  
  8264.522  1 Ar I
  8300.326  1 Ne I
  8377.6065 3 Ne I
  8408.2096 3 Ar I
  8417.159  1 Ne I
  8418.427  1 Ne I
  8424.6475 1 Ar I
  8495.3598 1 Ne I
  8521.4422 1 Ar I
  8591.2583 1 Ne I
  8634.647  1 Ne I
  8654.3831 1 Ne I
  8679.492  1 Ne I
  8681.921  1 Ne I
  8780.621  1 Ne I
  8783.753  1 Ne I
  8853.867  3 Ne I
  8865.306  1 Ne I
  8865.755  1 Ne I
  9122.9674 3 Ar I
  9148.67   1 Ne I
  9224.498  2 Ar I
  9226.69   1 Ne I
  9657.784  2 Ar I
  9665.424  3 Ne I
 10139.5    2 Hg I

