# logfile = /home/dmoseng/data/gain/gain_check.Direct.2018-Apr-19.log
# datestr = Thu Apr 19 20:15:59 2018
# mode = Direct
# flatfile1 = d0420_0017.fits
# flatfile2 = d0420_0018.fits
# flatfile3 = d0420_0019.fits
# flatfile4 = d0420_0020.fits
# flatfile5 = d0420_0021.fits
# zerofile1 = d0420_0014.fits
# zerofile2 = d0420_0015.fits
# column1 = videoinp
# column2 = amploc
# column3 = ccdloc
# column4 = amptype
# column5 = gain [e-/DN]
# column6 = sigma_gain [e-/DN]
# column7 = readnoise [e-]
# column8 = sigma_readnoise [e-]
#----------------------------------------
   1 2   1   A         1.2087    0.015297      2.5342    0.032073
   2 1   1   B         1.2272    0.014454      2.5731    0.030306
   3 4   2   A        0.59913     0.39172     -0.0000      0.0000
   4 3   2   B         1.1865    0.018092      2.4869    0.035813
   5 6   3   A         1.1743    0.020004      2.4621    0.041942
   6 5   3   B         1.2492    0.029381      2.6191    0.061603
   7 8   4   A         1.2210    0.016258      2.5600    0.034089
   8 7   4   B         1.2174    0.015866      2.5526    0.033266
