# logfile = /home/dmoseng/data/gain/gain_check.Direct.2009-Dec-08.log
# datestr = Tue Dec  8 15:28:23 2009
# mode = Direct
# flatfile1 = d1209_0011.fits
# flatfile2 = d1209_0012.fits
# flatfile3 = d1209_0013.fits
# flatfile4 = d1209_0014.fits
# flatfile5 = d1209_0015.fits
# zerofile1 = d1209_0008.fits
# zerofile2 = d1209_0009.fits
# column1 = videoinp
# column2 = amploc
# column3 = ccdloc
# column4 = amptype
# column5 = gain [e-/DN]
# column6 = sigma_gain [e-/DN]
# column7 = readnoise [e-]
# column8 = sigma_readnoise [e-]
#----------------------------------------
   1 2   1   A         1.2127    0.011772      2.5426    0.024683
   2 1   1   B         1.2241   0.0095496      2.5666    0.020023
   3 4   2   A         1.1937    0.020458      2.5029    0.042894
   4 3   2   B         1.1922    0.013859      2.4996    0.029058
   5 6   3   A         1.1806    0.018605      2.4753    0.039008
   6 5   3   B         1.2891    0.022812      2.7028    0.047830
   7 8   4   A         1.2198    0.010162      2.5576    0.021306
   8 7   4   B         1.2326    0.015397      2.5845    0.032283
