# logfile = /home/dmoseng/data/gain/gain_check.Direct.2015-Dec-30.log
# datestr = Wed Dec 30 12:16:34 2015
# mode = Direct
# flatfile1 = d1231_0012.fits
# flatfile2 = d1231_0013.fits
# flatfile3 = d1231_0014.fits
# flatfile4 = d1231_0015.fits
# flatfile5 = d1231_0016.fits
# zerofile1 = d1231_0009.fits
# zerofile2 = d1231_0010.fits
# column1 = videoinp
# column2 = amploc
# column3 = ccdloc
# column4 = amptype
# column5 = gain [e-/DN]
# column6 = sigma_gain [e-/DN]
# column7 = readnoise [e-]
# column8 = sigma_readnoise [e-]
#----------------------------------------
   1 2   1   A         1.2026    0.013645      2.5215    0.028609
   2 1   1   B         1.2266    0.016573      2.5717    0.034748
   3 4   2   A         1.1678    0.011537      2.4486    0.024190
   4 3   2   B         1.1840    0.015072      2.4825    0.031601
   5 6   3   A         1.1448    0.014461      2.4003    0.030319
   6 5   3   B         1.2446    0.016256      2.6095    0.034084
   7 8   4   A         1.2200    0.012824      2.5580    0.026888
   8 7   4   B         1.2223    0.010710      2.5627    0.022455
