# logfile = /home/dmoseng/data/gain/gain_check.Direct.2011-May-25.log
# datestr = Wed May 25 15:27:19 2011
# mode = Direct
# flatfile1 = d0526_0011.fits
# flatfile2 = d0526_0012.fits
# flatfile3 = d0526_0013.fits
# flatfile4 = d0526_0014.fits
# flatfile5 = d0526_0015.fits
# zerofile1 = d0526_0008.fits
# zerofile2 = d0526_0009.fits
# column1 = videoinp
# column2 = amploc
# column3 = ccdloc
# column4 = amptype
# column5 = gain [e-/DN]
# column6 = sigma_gain [e-/DN]
# column7 = readnoise [e-]
# column8 = sigma_readnoise [e-]
#----------------------------------------
   1 2   1   A         1.2142    0.013147      2.5458    0.027565
   2 1   1   B         1.2394   0.0086886      2.5985    0.018217
   3 4   2   A         1.2016    0.020383      2.5193    0.042736
   4 3   2   B         1.1954    0.014341      2.5065    0.030069
   5 6   3   A         1.1895    0.020515      2.4940    0.043013
   6 5   3   B         1.2912    0.019684      2.7073    0.041271
   7 8   4   A         1.2209    0.014744      2.5598    0.030912
   8 7   4   B         1.2300    0.016366      2.5789    0.034315
