# logfile = /home/dmoseng/data/gain/gain_check.Direct.2013-Aug-26.log
# datestr = Mon Aug 26 14:04:49 2013
# mode = Direct
# flatfile1 = d0827_0016.fits
# flatfile2 = d0827_0017.fits
# flatfile3 = d0827_0018.fits
# flatfile4 = d0827_0019.fits
# flatfile5 = d0827_0020.fits
# zerofile1 = d0827_0013.fits
# zerofile2 = d0827_0014.fits
# column1 = videoinp
# column2 = amploc
# column3 = ccdloc
# column4 = amptype
# column5 = gain [e-/DN]
# column6 = sigma_gain [e-/DN]
# column7 = readnoise [e-]
# column8 = sigma_readnoise [e-]
#----------------------------------------
   1 2   1   A         1.2209    0.012625      2.5599    0.026470
   2 1   1   B         1.2344    0.018013      2.5882    0.037767
   3 4   2   A         1.2075    0.023451      2.5318    0.049169
   4 3   2   B         1.1921    0.013585      2.4994    0.028484
   5 6   3   A         1.1868    0.013606      2.4883    0.028528
   6 5   3   B         1.2842    0.015307      2.6926    0.032095
   7 8   4   A         1.2260    0.015683      2.5706    0.032883
   8 7   4   B         1.2259    0.013076      2.5703    0.027417
