# logfile = /home/dmoseng/data/gain/gain_check.Direct.2013-Sep-26.log
# datestr = Thu Sep 26 17:13:18 2013
# mode = Direct
# flatfile1 = d0927_0011.fits
# flatfile2 = d0927_0012.fits
# flatfile3 = d0927_0013.fits
# flatfile4 = d0927_0014.fits
# flatfile5 = d0927_0015.fits
# zerofile1 = d0927_0008.fits
# zerofile2 = d0927_0009.fits
# column1 = videoinp
# column2 = amploc
# column3 = ccdloc
# column4 = amptype
# column5 = gain [e-/DN]
# column6 = sigma_gain [e-/DN]
# column7 = readnoise [e-]
# column8 = sigma_readnoise [e-]
#----------------------------------------
   1 2   1   A         1.2159    0.010762      2.5494    0.022563
   2 1   1   B         1.2344   0.0091386      2.5882    0.019160
   3 4   2   A         1.1994    0.017440      2.5147    0.036565
   4 3   2   B         1.1972    0.012260      2.5101    0.025705
   5 6   3   A         1.1881    0.019040      2.4911    0.039920
   6 5   3   B         1.2892    0.014831      2.7030    0.031096
   7 8   4   A         1.2381    0.016243      2.5960    0.034057
   8 7   4   B         1.2314    0.010438      2.5818    0.021886
