# logfile = /home/dmoseng/data/gain/gain_check.Direct.2018-Aug-17.log
# datestr = Fri Aug 17 13:45:31 2018
# mode = Direct
# flatfile1 = d0818_0041.fits
# flatfile2 = d0818_0042.fits
# flatfile3 = d0818_0043.fits
# flatfile4 = d0818_0044.fits
# flatfile5 = d0818_0045.fits
# zerofile1 = d0818_0038.fits
# zerofile2 = d0818_0039.fits
# column1 = videoinp
# column2 = amploc
# column3 = ccdloc
# column4 = amptype
# column5 = gain [e-/DN]
# column6 = sigma_gain [e-/DN]
# column7 = readnoise [e-]
# column8 = sigma_readnoise [e-]
#----------------------------------------
   1 2   1   A         1.2543    0.018228      2.6300    0.038218
   2 1   1   B         1.2221    0.012989      2.5623    0.027235
   3 4   2   A         1.1697    0.014521      2.4524    0.030445
   4 3   2   B         1.1861    0.014467      2.4869    0.030332
   5 6   3   A         1.1648    0.010588      2.4422    0.022199
   6 5   3   B         1.2526    0.023916      2.6264    0.050145
   7 8   4   A         1.2341    0.017459      2.5875    0.036606
   8 7   4   B         1.2207    0.012766      2.5594    0.026766
