# logfile = /s/sdata1004/ccd_gain/gain_check.Direct.2021-Sep-05.log
# datestr = Sun Sep  5 21:52:11 2021
# mode = Direct
# flatfile1 = /sdata1004/deimos5/2021sep06/d0906_0023.fits
# flatfile2 = /sdata1004/deimos5/2021sep06/d0906_0024.fits
# flatfile3 = /sdata1004/deimos5/2021sep06/d0906_0025.fits
# flatfile4 = /sdata1004/deimos5/2021sep06/d0906_0026.fits
# flatfile5 = /sdata1004/deimos5/2021sep06/d0906_0027.fits
# zerofile1 = /sdata1004/deimos5/2021sep06/d0906_0020.fits
# zerofile2 = /sdata1004/deimos5/2021sep06/d0906_0021.fits
# column1 = videoinp
# column2 = amploc
# column3 = ccdloc
# column4 = amptype
# column5 = gain [e-/DN]
# column6 = sigma_gain [e-/DN]
# column7 = readnoise [e-]
# column8 = sigma_readnoise [e-]
#----------------------------------------
   1 2   1   A         1.2314    0.020328      2.5818    0.042621
   2 1   1   B         1.1796    0.017172      2.4732    0.036005
   3 4   2   A         1.6996    0.030561      1.7818    0.032039
   4 3   2   B         1.1707    0.015098      2.4545    0.031656
   5 6   3   A         1.1663    0.015360      2.4454    0.032204
   6 5   3   B         1.2680    0.014573      2.6587    0.030556
   7 8   4   A         1.2415    0.015028      3.9047    0.047264
   8 7   4   B         1.2145    0.013076      2.5463    0.027416
