# logfile = /home/dmoseng/data/gain/gain_check.Direct.2015-Sep-30.log
# datestr = Wed Sep 30 14:46:52 2015
# mode = Direct
# flatfile1 = d0929_0026.fits
# flatfile2 = d0929_0027.fits
# flatfile3 = d0929_0028.fits
# flatfile4 = d0929_0029.fits
# flatfile5 = d0929_0030.fits
# zerofile1 = d0929_0023.fits
# zerofile2 = d0929_0024.fits
# column1 = videoinp
# column2 = amploc
# column3 = ccdloc
# column4 = amptype
# column5 = gain [e-/DN]
# column6 = sigma_gain [e-/DN]
# column7 = readnoise [e-]
# column8 = sigma_readnoise [e-]
#----------------------------------------
   1 2   1   A         1.2129    0.016825      2.5431    0.035277
   2 1   1   B         1.2280    0.016373      2.5747    0.034329
   3 4   2   A         1.1693    0.022456      2.4516    0.047082
   4 3   2   B         1.1905    0.013078      2.4962    0.027420
   5 6   3   A         1.1396    0.018878      2.3893    0.039581
   6 5   3   B         1.2513    0.015501      2.6235    0.032501
   7 8   4   A         1.2288   0.0099079      2.5764    0.020774
   8 7   4   B         1.2205    0.013599      2.5591    0.028512
