# logfile = /home/dmoseng/data/gain/gain_check.Direct.2013-Oct-28.log
# datestr = Mon Oct 28 10:30:38 2013
# mode = Direct
# flatfile1 = d1029_0028.fits
# flatfile2 = d1029_0029.fits
# flatfile3 = d1029_0030.fits
# flatfile4 = d1029_0031.fits
# flatfile5 = d1029_0032.fits
# zerofile1 = d1029_0025.fits
# zerofile2 = d1029_0026.fits
# column1 = videoinp
# column2 = amploc
# column3 = ccdloc
# column4 = amptype
# column5 = gain [e-/DN]
# column6 = sigma_gain [e-/DN]
# column7 = readnoise [e-]
# column8 = sigma_readnoise [e-]
#----------------------------------------
   1 2   1   A         1.2116    0.018703      2.5403    0.039215
   2 1   1   B         1.2291    0.011658      2.5771    0.024444
   3 4   2   A         1.1976    0.020518      2.5109    0.043019
   4 3   2   B         1.1872   0.0095606      2.4891    0.020046
   5 6   3   A         1.1863    0.010872      2.4872    0.022794
   6 5   3   B         1.2785    0.017024      2.6807    0.035694
   7 8   4   A         1.2288    0.018051      2.5763    0.037848
   8 7   4   B         1.2298    0.010007      2.5785    0.020982
