# logfile = /home/dmoseng/data/gain/gain_check.Direct.2009-Jan-21.log
# datestr = Wed Jan 21 09:40:08 2009
# mode = Direct
# flatfile1 = d0122_0024.fits
# flatfile2 = d0122_0025.fits
# flatfile3 = d0122_0026.fits
# flatfile4 = d0122_0027.fits
# flatfile5 = d0122_0028.fits
# zerofile1 = d0122_0021.fits
# zerofile2 = d0122_0022.fits
# column1 = videoinp
# column2 = amploc
# column3 = ccdloc
# column4 = amptype
# column5 = gain [e-/DN]
# column6 = sigma_gain [e-/DN]
# column7 = readnoise [e-]
# column8 = sigma_readnoise [e-]
#----------------------------------------
   1 2   1   A         1.2171   0.0053002      2.5519    0.011113
   2 1   1   B         1.2170   0.0042223      2.5517   0.0088528
   3 4   2   A         1.1975   0.0069933      2.5108    0.014663
   4 3   2   B         1.1870  0.00068344      2.4887   0.0014330
   5 6   3   A         1.1794   0.0041459      2.4729   0.0086926
   6 5   3   B         1.2890  0.00057864      2.7027   0.0012135
   7 8   4   A         1.2213   0.0015275      2.5607   0.0032028
   8 7   4   B         1.2251  0.00097453      2.5687   0.0020431
