# logfile = /s/sdata1004/ccd_gain/gain_check.Direct.2022-Oct-11.log
# datestr = Tue Oct 11 15:00:05 2022
# mode = Direct
# flatfile1 = /sdata1004/dmoseng/2022oct12/d1012_0011.fits
# flatfile2 = /sdata1004/dmoseng/2022oct12/d1012_0012.fits
# flatfile3 = /sdata1004/dmoseng/2022oct12/d1012_0013.fits
# flatfile4 = /sdata1004/dmoseng/2022oct12/d1012_0014.fits
# flatfile5 = /sdata1004/dmoseng/2022oct12/d1012_0015.fits
# zerofile1 = /sdata1004/dmoseng/2022oct12/d1012_0008.fits
# zerofile2 = /sdata1004/dmoseng/2022oct12/d1012_0009.fits
# column1 = videoinp
# column2 = amploc
# column3 = ccdloc
# column4 = amptype
# column5 = gain [e-/DN]
# column6 = sigma_gain [e-/DN]
# column7 = readnoise [e-]
# column8 = sigma_readnoise [e-]
#----------------------------------------
   1 2   1   A         1.2304    0.022985      2.5797    0.048192
   2 1   1   B         1.1774    0.014896      2.4687    0.031232
   3 4   2   A         1.7045    0.027092      1.7869    0.028402
   4 3   2   B         1.1813    0.016740      2.4767    0.035098
   5 6   3   A         1.1603    0.018360      2.4328    0.038495
   6 5   3   B         1.2589    0.023527      2.6395    0.049329
   7 8   4   A         1.2265    0.015310      2.5716    0.032099
   8 7   4   B         1.2167    0.014626      2.5510    0.030665
