# logfile = /home/dmoseng/data/gain/gain_check.Direct.2011-Feb-26.log
# datestr = Sat Feb 26 21:44:10 2011
# mode = Direct
# flatfile1 = d0227_0052.fits
# flatfile2 = d0227_0053.fits
# flatfile3 = d0227_0054.fits
# flatfile4 = d0227_0055.fits
# flatfile5 = d0227_0056.fits
# zerofile1 = d0227_0049.fits
# zerofile2 = d0227_0050.fits
# column1 = videoinp
# column2 = amploc
# column3 = ccdloc
# column4 = amptype
# column5 = gain [e-/DN]
# column6 = sigma_gain [e-/DN]
# column7 = readnoise [e-]
# column8 = sigma_readnoise [e-]
#----------------------------------------
   1 2   1   A         1.2369    0.015895      2.5933    0.033327
   2 1   1   B         1.2451    0.017819      2.6105    0.037362
   3 4   2   A         1.2236    0.015896      2.5654    0.033330
   4 3   2   B         1.2179    0.019184      2.5535    0.040223
   5 6   3   A         1.2036    0.014354      2.5235    0.030096
   6 5   3   B         1.2991    0.022734      2.7239    0.047666
   7 8   4   A         1.2369    0.012008      2.5934    0.025177
   8 7   4   B         1.2435   0.0092990      2.6073    0.019497
