# logfile = /home/dmoseng/data/gain/gain_check.Direct.2010-Feb-02.log
# datestr = Tue Feb  2 15:36:23 2010
# mode = Direct
# flatfile1 = d0203_0023.fits
# flatfile2 = d0203_0024.fits
# flatfile3 = d0203_0025.fits
# flatfile4 = d0203_0026.fits
# flatfile5 = d0203_0027.fits
# zerofile1 = d0203_0020.fits
# zerofile2 = d0203_0021.fits
# column1 = videoinp
# column2 = amploc
# column3 = ccdloc
# column4 = amptype
# column5 = gain [e-/DN]
# column6 = sigma_gain [e-/DN]
# column7 = readnoise [e-]
# column8 = sigma_readnoise [e-]
#----------------------------------------
   1 2   1   A         1.2259    0.015300      2.5704    0.032080
   2 1   1   B         1.2463    0.022173      2.6131    0.046489
   3 4   2   A         1.2265    0.018076      2.5717    0.037899
   4 3   2   B         1.2089    0.010507      2.5347    0.022030
   5 6   3   A         1.1995    0.025882      2.5150    0.054266
   6 5   3   B         1.3028    0.025062      2.7315    0.052547
   7 8   4   A         1.2350    0.013071      2.5893    0.027406
   8 7   4   B         1.2363    0.010014      2.5921    0.020996
