# logfile = /s/sdata1004/ccd_gain/gain_check.Direct.2023-Jan-06.log
# datestr = Fri Jan  6 22:27:30 2023
# mode = Direct
# flatfile1 = /sdata1005/deimos2/2023jan07/d0107_0029.fits
# flatfile2 = /sdata1005/deimos2/2023jan07/d0107_0030.fits
# flatfile3 = /sdata1005/deimos2/2023jan07/d0107_0031.fits
# flatfile4 = /sdata1005/deimos2/2023jan07/d0107_0032.fits
# flatfile5 = /sdata1005/deimos2/2023jan07/d0107_0033.fits
# zerofile1 = /sdata1005/deimos2/2023jan07/d0107_0026.fits
# zerofile2 = /sdata1005/deimos2/2023jan07/d0107_0027.fits
# column1 = videoinp
# column2 = amploc
# column3 = ccdloc
# column4 = amptype
# column5 = gain [e-/DN]
# column6 = sigma_gain [e-/DN]
# column7 = readnoise [e-]
# column8 = sigma_readnoise [e-]
#----------------------------------------
   1 2   1   A         1.2306    0.016749      2.5802    0.035117
   2 1   1   B         1.1764    0.013286      2.4666    0.027856
   3 4   2   A         1.7039    0.028774      1.7863    0.030164
   4 3   2   B         1.1705    0.016283      2.4542    0.034140
   5 6   3   A         1.1522    0.019050      2.4157    0.039942
   6 5   3   B         1.2689    0.021091      2.6604    0.044221
   7 8   4   A         1.2447    0.013178      3.9145    0.041445
   8 7   4   B         1.2209    0.015194      2.5599    0.031858
