# logfile = /home/dmoseng/data/gain/gain_check.Direct.2009-Apr-15.log
# datestr = Wed Apr 15 23:58:57 2009
# mode = Direct
# flatfile1 = d0410_0405.fits
# flatfile2 = d0410_0406.fits
# flatfile3 = d0410_0407.fits
# flatfile4 = d0410_0408.fits
# flatfile5 = d0410_0409.fits
# zerofile1 = d0410_0402.fits
# zerofile2 = d0410_0403.fits
# column1 = videoinp
# column2 = amploc
# column3 = ccdloc
# column4 = amptype
# column5 = gain [e-/DN]
# column6 = sigma_gain [e-/DN]
# column7 = readnoise [e-]
# column8 = sigma_readnoise [e-]
#----------------------------------------
   1 2   1   A         1.2265    0.016408      2.5715    0.034402
   2 1   1   B         1.2128   0.0032306      2.5429   0.0067733
   3 4   2   A         1.2521    0.044030      2.6252    0.092317
   4 3   2   B         1.1725   0.0064645      2.4584    0.013554
   5 6   3   A         1.2533    0.045157      2.6278    0.094680
   6 5   3   B         1.2916    0.011757      2.7080    0.024651
   7 8   4   A         1.3476    0.074654      2.8255     0.15653
   8 7   4   B         1.1962   0.0043081      2.5081   0.0090330
