# logfile = /home/dmoseng/data/gain/gain_check.Direct.2014-Oct-16.log
# datestr = Thu Oct 16 09:14:41 2014
# mode = Direct
# flatfile1 = d1002_0110.fits
# flatfile2 = d1002_0111.fits
# flatfile3 = d1002_0112.fits
# flatfile4 = d1002_0113.fits
# flatfile5 = d1002_0114.fits
# zerofile1 = d1002_0107.fits
# zerofile2 = d1002_0108.fits
# column1 = videoinp
# column2 = amploc
# column3 = ccdloc
# column4 = amptype
# column5 = gain [e-/DN]
# column6 = sigma_gain [e-/DN]
# column7 = readnoise [e-]
# column8 = sigma_readnoise [e-]
#----------------------------------------
   1 2   1   A         1.2113    0.021651      2.5398    0.045396
   2 1   1   B         1.2293    0.011356      2.5775    0.023809
   3 4   2   A         1.2018    0.018134      2.5197    0.038021
   4 3   2   B         1.1962    0.018497      2.5080    0.038781
   5 6   3   A        0.38248    0.078593      0.0000      0.0000
   6 5   3   B         1.2907    0.012124      2.7063    0.025420
   7 8   4   A         1.2242    0.020894      2.5668    0.043808
   8 7   4   B         1.2264    0.014217      2.5713    0.029809
