# logfile = /s/sdata1004/ccd_gain/gain_check.Direct.2023-Aug-06.log
# datestr = Sun Aug  6 20:10:00 2023
# mode = Direct
# flatfile1 = /sdata1005/dmoseng/2023aug07/d0728_0036.fits
# flatfile2 = /sdata1005/dmoseng/2023aug07/d0728_0037.fits
# flatfile3 = /sdata1005/dmoseng/2023aug07/d0728_0038.fits
# flatfile4 = /sdata1005/dmoseng/2023aug07/d0728_0039.fits
# flatfile5 = /sdata1005/dmoseng/2023aug07/d0728_0040.fits
# zerofile1 = /sdata1005/dmoseng/2023aug07/d0728_0033.fits
# zerofile2 = /sdata1005/dmoseng/2023aug07/d0728_0034.fits
# column1 = videoinp
# column2 = amploc
# column3 = ccdloc
# column4 = amptype
# column5 = gain [e-/DN]
# column6 = sigma_gain [e-/DN]
# column7 = readnoise [e-]
# column8 = sigma_readnoise [e-]
#----------------------------------------
   1 2   1   A         1.2301    0.021649      2.5792    0.045392
   2 1   1   B         1.1708    0.013904      2.4549    0.029152
   3 4   2   A         1.6935    0.026653      1.7753    0.027941
   4 3   2   B         1.1726    0.011941      2.4585    0.025037
   5 6   3   A         1.1530    0.013522      2.4174    0.028350
   6 5   3   B         1.2652    0.027525      2.6526    0.057711
   7 8   4   A         1.2423    0.015752      3.9071    0.049542
   8 7   4   B         1.2170    0.012133      2.5516    0.025440
