# logfile = /s/sdata1004/ccd_gain/gain_check.Direct.2022-Jun-01.log
# datestr = Wed Jun  1 23:21:27 2022
# mode = Direct
# flatfile1 = /sdata1005/deimos3/2022jun02/d0602_0019.fits
# flatfile2 = /sdata1005/deimos3/2022jun02/d0602_0020.fits
# flatfile3 = /sdata1005/deimos3/2022jun02/d0602_0021.fits
# flatfile4 = /sdata1005/deimos3/2022jun02/d0602_0022.fits
# flatfile5 = /sdata1005/deimos3/2022jun02/d0602_0023.fits
# zerofile1 = /sdata1005/deimos3/2022jun02/d0602_0017.fits
# zerofile2 = /sdata1005/deimos3/2022jun02/d0602_0018.fits
# column1 = videoinp
# column2 = amploc
# column3 = ccdloc
# column4 = amptype
# column5 = gain [e-/DN]
# column6 = sigma_gain [e-/DN]
# column7 = readnoise [e-]
# column8 = sigma_readnoise [e-]
#----------------------------------------
   1 2   1   A         1.2344    0.022140      2.5882    0.046421
   2 1   1   B         1.1725    0.023057      2.4584    0.048343
   3 4   2   A         1.6891    0.032117      1.7708    0.033669
   4 3   2   B         1.1657    0.016579      2.4442    0.034760
   5 6   3   A         1.1581   0.0090475      2.4282    0.018970
   6 5   3   B         1.2565    0.021344      2.6345    0.044751
   7 8   4   A         1.2287    0.016826      2.5763    0.035278
   8 7   4   B         1.2097    0.012957      2.5364    0.027168
