# logfile = /home/dmoseng/data/gain/gain_check.Direct.2010-May-05.log
# datestr = Wed May  5 11:13:58 2010
# mode = Direct
# flatfile1 = d0506_0025.fits
# flatfile2 = d0506_0026.fits
# flatfile3 = d0506_0027.fits
# flatfile4 = d0506_0028.fits
# flatfile5 = d0506_0029.fits
# zerofile1 = d0506_0022.fits
# zerofile2 = d0506_0023.fits
# column1 = videoinp
# column2 = amploc
# column3 = ccdloc
# column4 = amptype
# column5 = gain [e-/DN]
# column6 = sigma_gain [e-/DN]
# column7 = readnoise [e-]
# column8 = sigma_readnoise [e-]
#----------------------------------------
   1 2   1   A         1.2130    0.017112      2.5434    0.035878
   2 1   1   B         1.2354   0.0080350      2.5902    0.016847
   3 4   2   A         1.1952    0.016490      2.5060    0.034575
   4 3   2   B         1.1975    0.015944      2.5107    0.033430
   5 6   3   A         1.1855   0.0090983      2.4855    0.019076
   6 5   3   B         1.2856    0.019140      2.6955    0.040130
   7 8   4   A         1.2275    0.018102      2.5736    0.037954
   8 7   4   B         1.2193    0.012532      2.5564    0.026274
