# logfile = /home/dmoseng/data/gain/gain_check.Direct.2012-Apr-12.log
# datestr = Thu Apr 12 17:05:56 2012
# mode = Direct
# flatfile1 = d0413_0010.fits
# flatfile2 = d0413_0011.fits
# flatfile3 = d0413_0012.fits
# flatfile4 = d0413_0013.fits
# flatfile5 = d0413_0014.fits
# zerofile1 = d0413_0007.fits
# zerofile2 = d0413_0008.fits
# column1 = videoinp
# column2 = amploc
# column3 = ccdloc
# column4 = amptype
# column5 = gain [e-/DN]
# column6 = sigma_gain [e-/DN]
# column7 = readnoise [e-]
# column8 = sigma_readnoise [e-]
#----------------------------------------
   1 2   1   A      0.0015744     0.10255   0.0033011     0.21502
   2 1   1   B         1.2924    0.025125      2.7098    0.052679
   3 4   2   A       -0.49111    0.072159     -1.0297     0.15129
   4 3   2   B       -0.52790    0.073904     -1.1068     0.15495
   5 6   3   A       -0.55877     0.11742     -1.1716     0.24618
   6 5   3   B       -0.67065     0.12005     -1.4061     0.25171
   7 8   4   A         1.2825    0.039860      2.6891    0.083574
   8 7   4   B       0.011546    0.095399    0.024209     0.20002
