# logfile = /home/dmoseng/data/gain/gain_check.Direct.2017-May-16.log
# datestr = Tue May 16 14:17:38 2017
# mode = Direct
# flatfile1 = d0517_0032.fits
# flatfile2 = d0517_0033.fits
# flatfile3 = d0517_0034.fits
# flatfile4 = d0517_0035.fits
# flatfile5 = d0517_0036.fits
# zerofile1 = d0517_0029.fits
# zerofile2 = d0517_0030.fits
# column1 = videoinp
# column2 = amploc
# column3 = ccdloc
# column4 = amptype
# column5 = gain [e-/DN]
# column6 = sigma_gain [e-/DN]
# column7 = readnoise [e-]
# column8 = sigma_readnoise [e-]
#----------------------------------------
   1 2   1   A         1.1967    0.023154      2.5091    0.048547
   2 1   1   B         1.2186    0.013135      2.5551    0.027541
   3 4   2   A         1.1712    0.022452      2.4557    0.047075
   4 3   2   B         1.1863    0.015390      2.4872    0.032268
   5 6   3   A         1.1582    0.012982      2.4284    0.027220
   6 5   3   B         1.2717    0.022158      2.6663    0.046459
   7 8   4   A         1.2231    0.018996      2.5644    0.039827
   8 7   4   B         1.2132    0.018976      2.5436    0.039787
