# logfile = /home/dmoseng/data/gain/gain_check.Direct.2010-Jan-07.log
# datestr = Thu Jan  7 18:49:08 2010
# mode = Direct
# flatfile1 = d0108_0017.fits
# flatfile2 = d0108_0018.fits
# flatfile3 = d0108_0019.fits
# flatfile4 = d0108_0020.fits
# flatfile5 = d0108_0021.fits
# zerofile1 = d0108_0014.fits
# zerofile2 = d0108_0015.fits
# column1 = videoinp
# column2 = amploc
# column3 = ccdloc
# column4 = amptype
# column5 = gain [e-/DN]
# column6 = sigma_gain [e-/DN]
# column7 = readnoise [e-]
# column8 = sigma_readnoise [e-]
#----------------------------------------
   1 2   1   A         1.2128    0.014558      3.8075    0.052824
   2 1   1   B         1.2333    0.015789      2.5857    0.033105
   3 4   2   A         1.2017    0.012996      2.5830     0.11089
   4 3   2   B         1.1966    0.013201      2.5417    0.097460
   5 6   3   A         1.1857    0.013864      3.7070    0.072131
   6 5   3   B         1.2848    0.021610      2.7633     0.16351
   7 8   4   A         1.2273    0.014075      3.7922     0.94343
   8 7   4   B         1.2287    0.017110      3.8168     0.14523
