# logfile = /s/sdata1004/ccd_gain/gain_check.Direct.2021-May-04.log
# datestr = Tue May  4 23:23:33 2021
# mode = Direct
# flatfile1 = /sdata1005/deimos10/2021may05/d0505_0026.fits
# flatfile2 = /sdata1005/deimos10/2021may05/d0505_0027.fits
# flatfile3 = /sdata1005/deimos10/2021may05/d0505_0028.fits
# flatfile4 = /sdata1005/deimos10/2021may05/d0505_0029.fits
# flatfile5 = /sdata1005/deimos10/2021may05/d0505_0030.fits
# zerofile1 = /sdata1005/deimos10/2021may05/d0505_0023.fits
# zerofile2 = /sdata1005/deimos10/2021may05/d0505_0024.fits
# column1 = videoinp
# column2 = amploc
# column3 = ccdloc
# column4 = amptype
# column5 = gain [e-/DN]
# column6 = sigma_gain [e-/DN]
# column7 = readnoise [e-]
# column8 = sigma_readnoise [e-]
#----------------------------------------
   1 2   1   A         1.2345    0.016751      2.5885    0.035122
   2 1   1   B         1.1730    0.012694      2.4594    0.026616
   3 4   2   A         1.7085    0.033074      1.7911    0.034673
   4 3   2   B         1.1736    0.012521      2.4606    0.026252
   5 6   3   A         1.1542    0.016727      2.4201    0.035072
   6 5   3   B         1.2689    0.017654      2.6605    0.037016
   7 8   4   A         1.2468    0.013576      2.6293    0.038898
   8 7   4   B         1.2085    0.016786      2.5338    0.035195
