# logfile = /home/dmoseng/data/gain/gain_check.Direct.2011-Mar-22.log
# datestr = Tue Mar 22 16:21:02 2011
# mode = Direct
# flatfile1 = d0323_0024.fits
# flatfile2 = d0323_0025.fits
# flatfile3 = d0323_0026.fits
# flatfile4 = d0323_0027.fits
# flatfile5 = d0323_0028.fits
# zerofile1 = d0323_0021.fits
# zerofile2 = d0323_0022.fits
# column1 = videoinp
# column2 = amploc
# column3 = ccdloc
# column4 = amptype
# column5 = gain [e-/DN]
# column6 = sigma_gain [e-/DN]
# column7 = readnoise [e-]
# column8 = sigma_readnoise [e-]
#----------------------------------------
   1 2   1   A         1.2192    0.018642      2.5563    0.039087
   2 1   1   B         1.2375    0.014153      2.5946    0.029674
   3 4   2   A         1.2025    0.020976      2.5213    0.043980
   4 3   2   B         1.1922    0.014358      2.4997    0.030103
   5 6   3   A         1.1836    0.018015      2.4815    0.037772
   6 5   3   B         1.2859    0.017405      2.6961    0.036493
   7 8   4   A         1.2277    0.011987      2.5741    0.025133
   8 7   4   B         1.2268    0.017227      2.5723    0.036119
