# logfile = /s/sdata1004/ccd_gain/gain_check.Direct.2021-May-31.log
# datestr = Mon May 31 17:24:42 2021
# mode = Direct
# flatfile1 = /sdata1005/deimos6/2021jun01/d0601_0034.fits
# flatfile2 = /sdata1005/deimos6/2021jun01/d0601_0035.fits
# flatfile3 = /sdata1005/deimos6/2021jun01/d0601_0036.fits
# flatfile4 = /sdata1005/deimos6/2021jun01/d0601_0037.fits
# flatfile5 = /sdata1005/deimos6/2021jun01/d0601_0038.fits
# zerofile1 = /sdata1005/deimos6/2021jun01/d0601_0031.fits
# zerofile2 = /sdata1005/deimos6/2021jun01/d0601_0032.fits
# column1 = videoinp
# column2 = amploc
# column3 = ccdloc
# column4 = amptype
# column5 = gain [e-/DN]
# column6 = sigma_gain [e-/DN]
# column7 = readnoise [e-]
# column8 = sigma_readnoise [e-]
#----------------------------------------
   1 2   1   A         1.2284    0.020443      2.5755    0.042862
   2 1   1   B         1.1759    0.014111      2.4654    0.029586
   3 4   2   A         1.7021    0.033337      1.7843    0.034948
   4 3   2   B         1.1763    0.014020      2.4663    0.029395
   5 6   3   A         1.1623    0.014713      2.4373    0.034536
   6 5   3   B         1.2711    0.017036      2.6651    0.035719
   7 8   4   A         1.2472    0.016559      3.9223    0.052079
   8 7   4   B         1.2208   0.0096946      2.5597    0.020327
