# logfile = /home/dmoseng/data/gain/gain_check.Direct.2015-Dec-01.log
# datestr = Tue Dec  1 13:13:02 2015
# mode = Direct
# flatfile1 = d1202_0011.fits
# flatfile2 = d1202_0012.fits
# flatfile3 = d1202_0013.fits
# flatfile4 = d1202_0014.fits
# flatfile5 = d1202_0015.fits
# zerofile1 = d1202_0008.fits
# zerofile2 = d1202_0009.fits
# column1 = videoinp
# column2 = amploc
# column3 = ccdloc
# column4 = amptype
# column5 = gain [e-/DN]
# column6 = sigma_gain [e-/DN]
# column7 = readnoise [e-]
# column8 = sigma_readnoise [e-]
#----------------------------------------
   1 2   1   A         1.2029    0.019667      2.5220    0.041235
   2 1   1   B         1.2224    0.018197      2.5630    0.038153
   3 4   2   A         1.1753    0.019515      2.4641    0.040917
   4 3   2   B         1.1812    0.016200      2.4765    0.033966
   5 6   3   A         1.1378    0.020328      2.3856    0.042621
   6 5   3   B         1.2443    0.024999      2.6089    0.052415
   7 8   4   A         1.3916    0.011417      4.3765    0.035906
   8 7   4   B         1.2168    0.010457      2.5512    0.021926
