# logfile = /home/dmoseng/data/gain/gain_check.Direct.2019-Nov-19.log
# datestr = Tue Nov 19 08:15:56 2019
# mode = Direct
# flatfile1 = d1119_0004.fits
# flatfile2 = d1119_0005.fits
# flatfile3 = d1119_0006.fits
# flatfile4 = d1119_0007.fits
# flatfile5 = d1119_0008.fits
# zerofile1 = d1119_0001.fits
# zerofile2 = d1119_0002.fits
# column1 = videoinp
# column2 = amploc
# column3 = ccdloc
# column4 = amptype
# column5 = gain [e-/DN]
# column6 = sigma_gain [e-/DN]
# column7 = readnoise [e-]
# column8 = sigma_readnoise [e-]
#----------------------------------------
   1 2   1   A         1.2611    0.020239      2.6442    0.042434
   2 1   1   B         1.1931    0.014274      2.5017    0.029927
   3 4   2   A         1.1634    0.016668      2.4392    0.034946
   4 3   2   B         1.1765    0.016175      2.4667    0.033913
   5 6   3   A         1.1584    0.011443      2.4287    0.023991
   6 5   3   B         1.2621    0.020207      2.6463    0.042368
   7 8   4   A         1.2450    0.010563      2.6217    0.038713
   8 7   4   B         1.2111    0.012566      2.5393    0.026347
