# logfile = /home/dmoseng/data/gain/gain_check.Direct.2010-Mar-02.log
# datestr = Tue Mar  2 11:56:58 2010
# mode = Direct
# flatfile1 = d0303_0025.fits
# flatfile2 = d0303_0026.fits
# flatfile3 = d0303_0027.fits
# flatfile4 = d0303_0028.fits
# flatfile5 = d0303_0029.fits
# zerofile1 = d0303_0022.fits
# zerofile2 = d0303_0023.fits
# column1 = videoinp
# column2 = amploc
# column3 = ccdloc
# column4 = amptype
# column5 = gain [e-/DN]
# column6 = sigma_gain [e-/DN]
# column7 = readnoise [e-]
# column8 = sigma_readnoise [e-]
#----------------------------------------
   1 2   1   A         1.2301    0.015997      2.5792    0.033540
   2 1   1   B         1.2431    0.012607      2.6064    0.026432
   3 4   2   A         1.2162    0.017342      2.5499    0.036360
   4 3   2   B         1.2022    0.017339      2.5206    0.036355
   5 6   3   A         1.1957    0.020572      2.5491    0.093522
   6 5   3   B         1.2961    0.025214      2.7175    0.052866
   7 8   4   A         1.2345    0.010414      2.5884    0.021834
   8 7   4   B         1.2352    0.017529      2.5898    0.036752
