# logfile = /home/dmoseng/data/gain/gain_check.Direct.2018-Nov-26.log
# datestr = Mon Nov 26 18:00:30 2018
# mode = Direct
# flatfile1 = d1127_0014.fits
# flatfile2 = d1127_0015.fits
# flatfile3 = d1127_0016.fits
# flatfile4 = d1127_0017.fits
# flatfile5 = d1127_0018.fits
# zerofile1 = d1127_0011.fits
# zerofile2 = d1127_0012.fits
# column1 = videoinp
# column2 = amploc
# column3 = ccdloc
# column4 = amptype
# column5 = gain [e-/DN]
# column6 = sigma_gain [e-/DN]
# column7 = readnoise [e-]
# column8 = sigma_readnoise [e-]
#----------------------------------------
   1 2   1   A         1.2735    0.011005      2.6702    0.023074
   2 1   1   B         1.2007    0.014247      2.5175    0.029870
   3 4   2   A         1.1747    0.018535      2.4630    0.038862
   4 3   2   B         1.1866    0.012016      2.4879    0.025195
   5 6   3   A         1.1681    0.014539      3.6401     0.17244
   6 5   3   B         1.2536    0.019390      2.6284    0.040655
   7 8   4   A         1.2299    0.010285      2.5788    0.021565
   8 7   4   B         1.2175    0.014690      2.5526    0.030799
