# logfile = /s/sdata1004/ccd_gain/gain_check.Direct.2023-Oct-05.log
# datestr = Thu Oct  5 12:54:46 2023
# mode = Direct
# flatfile1 = /sdata1004/dmoseng/2023oct05/d1005_0038.fits
# flatfile2 = /sdata1004/dmoseng/2023oct05/d1005_0039.fits
# flatfile3 = /sdata1004/dmoseng/2023oct05/d1005_0040.fits
# flatfile4 = /sdata1004/dmoseng/2023oct05/d1005_0041.fits
# flatfile5 = /sdata1004/dmoseng/2023oct05/d1005_0042.fits
# zerofile1 = /sdata1004/dmoseng/2023oct05/d1005_0035.fits
# zerofile2 = /sdata1004/dmoseng/2023oct05/d1005_0036.fits
# column1 = videoinp
# column2 = amploc
# column3 = ccdloc
# column4 = amptype
# column5 = gain [e-/DN]
# column6 = sigma_gain [e-/DN]
# column7 = readnoise [e-]
# column8 = sigma_readnoise [e-]
#----------------------------------------
   1 2   1   A         1.2279    0.015704      2.5745    0.032925
   2 1   1   B         1.1784    0.014061      2.4708    0.029482
   3 4   2   A         1.7079    0.036212      1.7904    0.037962
   4 3   2   B         1.1721    0.012944      2.4575    0.027139
   5 6   3   A         1.1637   0.0096046      2.4400    0.020138
   6 5   3   B         1.2597    0.014713      2.6412    0.030848
   7 8   4   A         1.2471    0.015236      3.9221    0.047917
   8 7   4   B         1.2130    0.013148      2.5433    0.027566
