# logfile = /home/dmoseng/data/gain/gain_check.Direct.2016-Nov-22.log
# datestr = Tue Nov 22 16:05:21 2016
# mode = Direct
# flatfile1 = d1123_0012.fits
# flatfile2 = d1123_0013.fits
# flatfile3 = d1123_0014.fits
# flatfile4 = d1123_0015.fits
# flatfile5 = d1123_0016.fits
# zerofile1 = d1123_0009.fits
# zerofile2 = d1123_0010.fits
# column1 = videoinp
# column2 = amploc
# column3 = ccdloc
# column4 = amptype
# column5 = gain [e-/DN]
# column6 = sigma_gain [e-/DN]
# column7 = readnoise [e-]
# column8 = sigma_readnoise [e-]
#----------------------------------------
   1 2   1   A         1.2037    0.023999      2.5237    0.050319
   2 1   1   B         1.2204    0.014640      2.5587    0.030696
   3 4   2   A         1.1761    0.024087      2.4660    0.050502
   4 3   2   B         1.1876    0.015070      2.4900    0.031597
   5 6   3   A         1.1586    0.018038      2.4292    0.037819
   6 5   3   B         1.2594    0.021622      2.6406    0.045335
   7 8   4   A         1.2283    0.014526      2.5753    0.030456
   8 7   4   B         1.2185    0.020491      2.5548    0.042963
