# logfile = /home/dmoseng/data/gain/gain_check.Direct.2008-Nov-19.log
# datestr = Wed Nov 19 18:21:21 2008
# mode = Direct
# flatfile1 = d1120_0040.fits
# flatfile2 = d1120_0041.fits
# flatfile3 = d1120_0042.fits
# flatfile4 = d1120_0043.fits
# flatfile5 = d1120_0044.fits
# zerofile1 = d1120_0037.fits
# zerofile2 = d1120_0038.fits
# column1 = videoinp
# column2 = amploc
# column3 = ccdloc
# column4 = amptype
# column5 = gain [e-/DN]
# column6 = sigma_gain [e-/DN]
# column7 = readnoise [e-]
# column8 = sigma_readnoise [e-]
#----------------------------------------
   1 2   1   A         1.2134   0.0011958      2.5441   0.0025072
   2 1   1   B         1.2110   0.0019706      2.5390   0.0041318
   3 4   2   A         1.1996  0.00058394      2.5151   0.0012244
   4 3   2   B         1.1848   0.0027476      2.4842   0.0057606
   5 6   3   A         1.1806   0.0025219      2.4752   0.0052876
   6 5   3   B         1.2855   0.0029711      2.6952   0.0062293
   7 8   4   A         1.2272   0.0069947      2.5731    0.014666
   8 7   4   B         1.2223   0.0021113      2.5627   0.0044266
