# logfile = /home/dmoseng/data/gain/gain_check.Direct.2016-May-03.log
# datestr = Tue May  3 11:48:18 2016
# mode = Direct
# flatfile1 = d0504_0011.fits
# flatfile2 = d0504_0012.fits
# flatfile3 = d0504_0013.fits
# flatfile4 = d0504_0014.fits
# flatfile5 = d0504_0015.fits
# zerofile1 = d0504_0008.fits
# zerofile2 = d0504_0009.fits
# column1 = videoinp
# column2 = amploc
# column3 = ccdloc
# column4 = amptype
# column5 = gain [e-/DN]
# column6 = sigma_gain [e-/DN]
# column7 = readnoise [e-]
# column8 = sigma_readnoise [e-]
#----------------------------------------
   1 2   1   A         1.2062    0.017440      2.5290    0.036566
   2 1   1   B         1.2305    0.016079      2.5800    0.033713
   3 4   2   A         1.1762    0.015266      2.4661    0.032007
   4 3   2   B         1.1904    0.015536      2.4959    0.032573
   5 6   3   A         1.1435    0.019940      2.3976    0.041808
   6 5   3   B         1.2439    0.025989      2.6081    0.054490
   7 8   4   A         1.2267    0.011221      2.5720    0.023528
   8 7   4   B         1.2226    0.016266      2.5634    0.034104
