# logfile = /home/dmoseng/data/gain/gain_check.Direct.2013-Feb-04.log
# datestr = Mon Feb  4 16:52:46 2013
# mode = Direct
# flatfile1 = d0205_0020.fits
# flatfile2 = d0205_0021.fits
# flatfile3 = d0205_0022.fits
# flatfile4 = d0205_0023.fits
# flatfile5 = d0205_0024.fits
# zerofile1 = d0205_0017.fits
# zerofile2 = d0205_0018.fits
# column1 = videoinp
# column2 = amploc
# column3 = ccdloc
# column4 = amptype
# column5 = gain [e-/DN]
# column6 = sigma_gain [e-/DN]
# column7 = readnoise [e-]
# column8 = sigma_readnoise [e-]
#----------------------------------------
   1 2   1   A         1.2120    0.017747      2.5412    0.037209
   2 1   1   B         1.2377   0.0076416      2.5951    0.016022
   3 4   2   A         1.2042    0.018348      2.5249    0.038470
   4 3   2   B         1.1985    0.014051      2.5129    0.029461
   5 6   3   A         1.1873   0.0083574      2.4893    0.017523
   6 5   3   B         1.2953    0.021348      2.7158    0.044761
   7 8   4   A         1.2288    0.016836      2.5765    0.035299
   8 7   4   B         1.2299    0.019779      2.5788    0.041470
