# logfile = /s/sdata1004/ccd_gain/gain_check.Direct.2021-May-05.log
# datestr = Wed May  5 13:36:39 2021
# mode = Direct
# flatfile1 = /sdata1005/deimos6/2021may06/d0506_0022.fits
# flatfile2 = /sdata1005/deimos6/2021may06/d0506_0023.fits
# flatfile3 = /sdata1005/deimos6/2021may06/d0506_0024.fits
# flatfile4 = /sdata1005/deimos6/2021may06/d0506_0025.fits
# flatfile5 = /sdata1005/deimos6/2021may06/d0506_0026.fits
# zerofile1 = /sdata1005/deimos6/2021may06/d0506_0019.fits
# zerofile2 = /sdata1005/deimos6/2021may06/d0506_0020.fits
# column1 = videoinp
# column2 = amploc
# column3 = ccdloc
# column4 = amptype
# column5 = gain [e-/DN]
# column6 = sigma_gain [e-/DN]
# column7 = readnoise [e-]
# column8 = sigma_readnoise [e-]
#----------------------------------------
   1 2   1   A         1.2299    0.019747      2.5787    0.041404
   2 1   1   B         1.1742    0.017435      2.4619    0.036555
   3 4   2   A         1.7006    0.033702      1.7828    0.035331
   4 3   2   B         1.1712    0.013545      2.4556    0.028400
   5 6   3   A         1.1579    0.017180      2.4277    0.036021
   6 5   3   B         1.2627    0.017114      2.6475    0.035882
   7 8   4   A         1.2534    0.013603      3.9364    0.055853
   8 7   4   B         1.2141    0.014372      2.5455    0.030135
