# logfile = /home/dmoseng/data/gain/gain_check.Direct.2008-Dec-17.log
# datestr = Wed Dec 17 16:23:10 2008
# mode = Direct
# flatfile1 = d1218_0040.fits
# flatfile2 = d1218_0041.fits
# flatfile3 = d1218_0042.fits
# flatfile4 = d1218_0043.fits
# flatfile5 = d1218_0044.fits
# zerofile1 = d1218_0037.fits
# zerofile2 = d1218_0038.fits
# column1 = videoinp
# column2 = amploc
# column3 = ccdloc
# column4 = amptype
# column5 = gain [e-/DN]
# column6 = sigma_gain [e-/DN]
# column7 = readnoise [e-]
# column8 = sigma_readnoise [e-]
#----------------------------------------
   1 2   1   A         1.2024   0.0024215      2.5444    0.013172
   2 1   1   B         1.2112   0.0035957      2.5395   0.0075393
   3 4   2   A         1.1864   0.0024307      2.4875   0.0050964
   4 3   2   B         1.1736   0.0060077      2.4716    0.012121
   5 6   3   A         1.1687   0.0015475      2.5022    0.032810
   6 5   3   B         1.2725   0.0034453      2.6680   0.0072236
   7 8   4   A         1.2260   0.0010171      2.5729   0.0035058
   8 7   4   B         1.2137  0.00081794      2.5801   0.0037044
