# logfile = /home/dmoseng/data/gain/gain_check.Direct.2017-Dec-10.log
# datestr = Sun Dec 10 12:33:50 2017
# mode = Direct
# flatfile1 = d1211_0050.fits
# flatfile2 = d1211_0051.fits
# flatfile3 = d1211_0052.fits
# flatfile4 = d1211_0053.fits
# flatfile5 = d1211_0054.fits
# zerofile1 = d1211_0047.fits
# zerofile2 = d1211_0048.fits
# column1 = videoinp
# column2 = amploc
# column3 = ccdloc
# column4 = amptype
# column5 = gain [e-/DN]
# column6 = sigma_gain [e-/DN]
# column7 = readnoise [e-]
# column8 = sigma_readnoise [e-]
#----------------------------------------
   1 2   1   A         1.2062    0.015234      2.5291    0.031940
   2 1   1   B         1.2210    0.016928      2.5601    0.035493
   3 4   2   A         8.1527      3.4832     -0.0000      0.0000
   4 3   2   B         1.1877    0.013289      2.4902    0.027862
   5 6   3   A         1.1668    0.010371      2.4465    0.021744
   6 5   3   B         1.2499    0.017126      2.6206    0.035907
   7 8   4   A         1.2169    0.014226      2.5514    0.029827
   8 7   4   B         1.2276    0.014758      2.5739    0.030942
