# logfile = /s/sdata1004/ccd_gain/gain_check.Direct.2022-Jun-22.log
# datestr = Wed Jun 22 18:43:19 2022
# mode = Direct
# flatfile1 = /sdata1005/deimos4/2022jun23/d0623_0027.fits
# flatfile2 = /sdata1005/deimos4/2022jun23/d0623_0028.fits
# flatfile3 = /sdata1005/deimos4/2022jun23/d0623_0029.fits
# flatfile4 = /sdata1005/deimos4/2022jun23/d0623_0030.fits
# flatfile5 = /sdata1005/deimos4/2022jun23/d0623_0031.fits
# zerofile1 = /sdata1005/deimos4/2022jun23/d0623_0024.fits
# zerofile2 = /sdata1005/deimos4/2022jun23/d0623_0025.fits
# column1 = videoinp
# column2 = amploc
# column3 = ccdloc
# column4 = amptype
# column5 = gain [e-/DN]
# column6 = sigma_gain [e-/DN]
# column7 = readnoise [e-]
# column8 = sigma_readnoise [e-]
#----------------------------------------
   1 2   1   A         1.2378    0.012998      2.5953    0.027252
   2 1   1   B         1.1759    0.014031      2.4656    0.029418
   3 4   2   A         1.7069    0.042328      1.7894    0.044375
   4 3   2   B         1.1753    0.018892      2.4643    0.039611
   5 6   3   A         1.1654    0.018260      2.4435    0.038287
   6 5   3   B         1.2532    0.020820      2.6275    0.043652
   7 8   4   A         1.2308    0.012811      2.5806    0.026860
   8 7   4   B         1.2233   0.0088112      2.5648    0.018474
