# logfile = /home/dmoseng/data/gain/gain_check.Direct.2009-Sep-30.log
# datestr = Wed Sep 30 11:59:22 2009
# mode = Direct
# flatfile1 = d1001_0004.fits
# flatfile2 = d1001_0005.fits
# flatfile3 = d1001_0006.fits
# flatfile4 = d1001_0007.fits
# flatfile5 = d1001_0008.fits
# zerofile1 = d1001_0001.fits
# zerofile2 = d1001_0002.fits
# column1 = videoinp
# column2 = amploc
# column3 = ccdloc
# column4 = amptype
# column5 = gain [e-/DN]
# column6 = sigma_gain [e-/DN]
# column7 = readnoise [e-]
# column8 = sigma_readnoise [e-]
#----------------------------------------
   1 2   1   A         1.2181    0.014474      2.5539    0.030348
   2 1   1   B         1.2283    0.025599      2.5754    0.053672
   3 4   2   A         1.1979    0.013589      2.5116    0.028492
   4 3   2   B         1.1929    0.016964      2.5011    0.035569
   5 6   3   A         1.1819    0.011609      2.4781    0.024341
   6 5   3   B         1.2943    0.011172      2.7138    0.023424
   7 8   4   A         1.2275    0.014618      2.5737    0.030649
   8 7   4   B         1.2285    0.013163      2.5757    0.027599
