# logfile = /home/dmoseng/data/gain/gain_check.Direct.2010-Sep-01.log
# datestr = Wed Sep  1 07:29:09 2010
# mode = Direct
# flatfile1 = d0901_0039.fits
# flatfile2 = d0901_0040.fits
# flatfile3 = d0901_0041.fits
# flatfile4 = d0901_0042.fits
# flatfile5 = d0901_0043.fits
# zerofile1 = d0901_0036.fits
# zerofile2 = d0901_0037.fits
# column1 = videoinp
# column2 = amploc
# column3 = ccdloc
# column4 = amptype
# column5 = gain [e-/DN]
# column6 = sigma_gain [e-/DN]
# column7 = readnoise [e-]
# column8 = sigma_readnoise [e-]
#----------------------------------------
   1 2   1   A         1.2164    0.015648      2.5504    0.032810
   2 1   1   B         1.2322    0.019232      2.5836    0.040324
   3 4   2   A         1.2026    0.020414      2.5215    0.042801
   4 3   2   B         1.1900    0.010322      2.4950    0.021643
   5 6   3   A         1.1850    0.015011      2.4845    0.031474
   6 5   3   B         1.2883    0.019664      2.7012    0.041229
   7 8   4   A         1.2340    0.018733      2.5873    0.039277
   8 7   4   B         1.2239    0.010707      2.5662    0.022449
