# logfile = /s/sdata1004/ccd_gain/gain_check.Direct.2022-Jan-28.log
# datestr = Fri Jan 28 11:59:35 2022
# mode = Direct
# flatfile1 = /sdata1005/dmoseng/2022jan29/d0129_0020.fits
# flatfile2 = /sdata1005/dmoseng/2022jan29/d0129_0021.fits
# flatfile3 = /sdata1005/dmoseng/2022jan29/d0129_0022.fits
# flatfile4 = /sdata1005/dmoseng/2022jan29/d0129_0023.fits
# flatfile5 = /sdata1005/dmoseng/2022jan29/d0129_0024.fits
# zerofile1 = /sdata1005/dmoseng/2022jan29/d0129_0017.fits
# zerofile2 = /sdata1005/dmoseng/2022jan29/d0129_0018.fits
# column1 = videoinp
# column2 = amploc
# column3 = ccdloc
# column4 = amptype
# column5 = gain [e-/DN]
# column6 = sigma_gain [e-/DN]
# column7 = readnoise [e-]
# column8 = sigma_readnoise [e-]
#----------------------------------------
   1 2   1   A         1.2300    0.014013      2.5790    0.029381
   2 1   1   B         1.1732    0.013404      2.4599    0.028103
   3 4   2   A         1.6990    0.025338      1.7811    0.026563
   4 3   2   B         1.1722   0.0099498      2.4577    0.020861
   5 6   3   A         1.1477    0.010857      2.4063    0.022763
   6 5   3   B         1.2589    0.021481      2.6395    0.045038
   7 8   4   A         1.2485    0.013253      3.9267    0.041681
   8 7   4   B         1.2103    0.012897      2.5375    0.027041
