# logfile = /s/sdata1004/ccd_gain/gain_check.Direct.2021-Jun-21.log
# datestr = Mon Jun 21 15:43:33 2021
# mode = Direct
# flatfile1 = /sdata1005/deimos5/2021jun22/d0622_0020.fits
# flatfile2 = /sdata1005/deimos5/2021jun22/d0622_0021.fits
# flatfile3 = /sdata1005/deimos5/2021jun22/d0622_0022.fits
# flatfile4 = /sdata1005/deimos5/2021jun22/d0622_0023.fits
# flatfile5 = /sdata1005/deimos5/2021jun22/d0622_0024.fits
# zerofile1 = /sdata1005/deimos5/2021jun22/d0622_0017.fits
# zerofile2 = /sdata1005/deimos5/2021jun22/d0622_0018.fits
# column1 = videoinp
# column2 = amploc
# column3 = ccdloc
# column4 = amptype
# column5 = gain [e-/DN]
# column6 = sigma_gain [e-/DN]
# column7 = readnoise [e-]
# column8 = sigma_readnoise [e-]
#----------------------------------------
   1 2   1   A         1.2320    0.017068      2.5831    0.035785
   2 1   1   B         1.1796    0.016234      2.4732    0.034038
   3 4   2   A         1.7137    0.027804      1.7966    0.029148
   4 3   2   B         1.1728    0.012499      2.4589    0.026207
   5 6   3   A         1.1609    0.013320      2.4341    0.027928
   6 5   3   B         1.2614    0.020335      2.6447    0.042635
   7 8   4   A         1.2460    0.013255      3.9177    0.040593
   8 7   4   B         1.2156    0.011986      2.5486    0.025132
