# logfile = /home/dmoseng/data/gain/gain_check.Direct.2018-May-17.log
# datestr = Thu May 17 14:54:11 2018
# mode = Direct
# flatfile1 = d0518_0024.fits
# flatfile2 = d0518_0025.fits
# flatfile3 = d0518_0026.fits
# flatfile4 = d0518_0027.fits
# flatfile5 = d0518_0028.fits
# zerofile1 = d0518_0021.fits
# zerofile2 = d0518_0022.fits
# column1 = videoinp
# column2 = amploc
# column3 = ccdloc
# column4 = amptype
# column5 = gain [e-/DN]
# column6 = sigma_gain [e-/DN]
# column7 = readnoise [e-]
# column8 = sigma_readnoise [e-]
#----------------------------------------
   1 2   1   A         1.2080    0.019749      2.5328    0.041407
   2 1   1   B         1.2269    0.017901      2.5724    0.037533
   3 4   2   A        0.63905     0.42127     -0.0000      0.0000
   4 3   2   B         1.1866    0.013973      2.4879    0.029297
   5 6   3   A         1.1672    0.014287      2.4473    0.029956
   6 5   3   B         1.2478    0.031201      2.6163    0.065418
   7 8   4   A         1.2277    0.016168      2.5741    0.033898
   8 7   4   B         1.2200    0.020422      2.5579    0.042818
