# logfile = /home/dmoseng/data/gain/gain_check.Direct.2015-Apr-10.log
# datestr = Fri Apr 10 17:17:57 2015
# mode = Direct
# flatfile1 = d0411_0019.fits
# flatfile2 = d0411_0024.fits
# flatfile3 = d0411_0025.fits
# flatfile4 = d0411_0026.fits
# flatfile5 = d0411_0027.fits
# flatfile6 = d0411_0028.fits
# zerofile1 = d0411_0016.fits
# zerofile2 = d0411_0017.fits
# column1 = videoinp
# column2 = amploc
# column3 = ccdloc
# column4 = amptype
# column5 = gain [e-/DN]
# column6 = sigma_gain [e-/DN]
# column7 = readnoise [e-]
# column8 = sigma_readnoise [e-]
#----------------------------------------
   1 2   1   A         1.2088    0.023120      2.5345    0.048474
   2 1   1   B         1.2237    0.010551      2.5657    0.022122
   3 4   2   A         1.1874    0.015721      2.4897    0.032962
   4 3   2   B         1.1833    0.012724      2.4811    0.026678
   5 6   3   A         6.6175      3.3380      0.0000      0.0000
   6 5   3   B         1.2717    0.017433      2.6663    0.036551
   7 8   4   A         1.2306    0.019980      2.5801    0.041891
   8 7   4   B         1.2173    0.015029      2.5523    0.031512
