# logfile = /home/dmoseng/data/gain/gain_check.Direct.2009-Mar-17.log
# datestr = Tue Mar 17 18:51:42 2009
# mode = Direct
# flatfile1 = d0318_0013.fits
# flatfile2 = d0318_0014.fits
# flatfile3 = d0318_0015.fits
# flatfile4 = d0318_0016.fits
# flatfile5 = d0318_0017.fits
# zerofile1 = d0318_0010.fits
# zerofile2 = d0318_0011.fits
# column1 = videoinp
# column2 = amploc
# column3 = ccdloc
# column4 = amptype
# column5 = gain [e-/DN]
# column6 = sigma_gain [e-/DN]
# column7 = readnoise [e-]
# column8 = sigma_readnoise [e-]
#----------------------------------------
   1 2   1   A         1.2151   0.0021988      2.5476   0.0046100
   2 1   1   B         1.2082   0.0013784      2.5332   0.0028900
   3 4   2   A         1.1972   0.0052019      2.5102    0.010907
   4 3   2   B         1.1881   0.0012605      2.4911   0.0026426
   5 6   3   A         1.1790   0.0035966      2.4720   0.0075410
   6 5   3   B         1.2847   0.0057194      2.6937    0.011992
   7 8   4   A         1.2175    0.010660      2.5527    0.022351
   8 7   4   B         1.2256   0.0014185      2.5697   0.0029741
