[31;01m/Users/westfall/Work/packages/PYPIT/doc/cookbook.rst:84: WARNING: Enumerated list ends without a blank line; unexpected unindent.[39;49;00m
[31;01m/Users/westfall/Work/packages/PYPIT/doc/flexure.rst:1: WARNING: malformed hyperlink target.[39;49;00m
[31;01m/Users/westfall/Work/packages/PYPIT/doc/flexure.rst:36: WARNING: Enumerated list ends without a blank line; unexpected unindent.[39;49;00m
[31m/Users/westfall/Work/packages/PYPIT/doc/flexure.rst:102: WARNING: Malformed table.
Column span alignment problem in table line 9.

================================   ===========
Filename                           Description
================================   ===========
paranal_sky.fits                   Description to come
sky_LRISb_400.fits                 Mauna Kea sky observed with LRISb and the 400/3400 grism
sky_LRISb_600.fits                 Mauna Kea sky observed with LRISb and the 600/4000 grism [Default for lris_blue]
sky_kastb_600.fits                 Mt. Hamilton sky observed with Kastb and the 600 grism [Default for kast_blue]
sky_LRISr_600_7500_5460_7950.fits  Description to come
=================================  ===========[39;49;00m
[31m/Users/westfall/Work/packages/PYPIT/doc/fluxing.rst:136: WARNING: Unexpected indentation.[39;49;00m
[31;01m/Users/westfall/Work/packages/PYPIT/doc/fluxing.rst:137: WARNING: Literal block ends without a blank line; unexpected unindent.[39;49;00m
[31;01m/Users/westfall/Work/packages/PYPIT/doc/heliocorr.rst:1: WARNING: malformed hyperlink target.[39;49;00m
[31;01m/Users/westfall/Work/packages/PYPIT/doc/index.rst:23: WARNING: toctree contains reference to nonexisting document 'overview'[39;49;00m
[31;01m/Users/westfall/Work/packages/PYPIT/doc/index.rst:32: WARNING: toctree contains reference to nonexisting document 'setups'[39;49;00m
[31;01m/Users/westfall/Work/packages/PYPIT/doc/inst_settings.rst:53: WARNING: Inline substitution_reference start-string without end-string.[39;49;00m
[31;01m/Users/westfall/Work/packages/PYPIT/doc/inst_settings.rst:57: WARNING: Inline substitution_reference start-string without end-string.[39;49;00m
[31;01m/Users/westfall/Work/packages/PYPIT/doc/inst_settings.rst:71: WARNING: Inline substitution_reference start-string without end-string.[39;49;00m
[31;01m/Users/westfall/Work/packages/PYPIT/doc/installing.rst:5: WARNING: Duplicate explicit target name: "here".[39;49;00m
[31;01m/Users/westfall/Work/packages/PYPIT/doc/installing.rst:227: WARNING: Inline substitution_reference start-string without end-string.[39;49;00m
[31;01m/Users/westfall/Work/packages/PYPIT/doc/masters.rst:78: WARNING: Enumerated list ends without a blank line; unexpected unindent.[39;49;00m
/Users/westfall/Work/packages/PYPIT/doc/masters.rst:96: WARNING: Title level inconsistent:

Reduce dict
-----------
[31;01m/Users/westfall/Work/packages/PYPIT/doc/outputs.rst:16: WARNING: toctree contains reference to nonexisting document 'out_QA'[39;49;00m
[31m/Users/westfall/Work/packages/PYPIT/pypit/ararclines.py:docstring of pypit.ararclines.load_parse_dict:6: WARNING: Unexpected indentation.[39;49;00m
[31;01mWARNING: autodoc: failed to import module 'pypit.arcytrace'; the following exception was raised:
No module named 'pypit.arcytrace'[39;49;00m
[31;01m/Users/westfall/Work/packages/PYPIT/pypit/ardevtest.py:docstring of pypit.ardevtest.set_param:3: WARNING: Definition list ends without a blank line; unexpected unindent.[39;49;00m
[31;01mWARNING: autodoc: failed to import module 'pypit.armed'; the following exception was raised:
cannot import name 'armasters'[39;49;00m
[31;01m/Users/westfall/Work/packages/PYPIT/pypit/arparse.py:docstring of pypit.arparse.get_argflag_class:2: WARNING: Title underline too short.

Get the Arguments and Flags
----------[39;49;00m
/Users/westfall/Work/packages/PYPIT/pypit/arparse.py:docstring of pypit.arparse.get_argflag_class:2: WARNING: Unexpected section title.

Get the Arguments and Flags
----------
[31;01m/Users/westfall/Work/packages/PYPIT/pypit/arparse.py:docstring of pypit.arparse.get_spect_class:2: WARNING: Title underline too short.

Get the Spectrograph settings class
----------[39;49;00m
/Users/westfall/Work/packages/PYPIT/pypit/arparse.py:docstring of pypit.arparse.get_spect_class:2: WARNING: Unexpected section title.

Get the Spectrograph settings class
----------
[31;01m/Users/westfall/Work/packages/PYPIT/pypit/arparse.py:docstring of pypit.arparse.init:2: WARNING: Title underline too short.

Initialize the settings
----------[39;49;00m
/Users/westfall/Work/packages/PYPIT/pypit/arparse.py:docstring of pypit.arparse.init:2: WARNING: Unexpected section title.

Initialize the settings
----------
[31;01mWARNING: autodoc: failed to import module 'pypit.arsciexp'; the following exception was raised:
cannot import name 'armasters'[39;49;00m
[31;01m/Users/westfall/Work/packages/PYPIT/pypit/arspecobj.py:docstring of pypit.arspecobj.SpecObjExp:5: WARNING: Title underline too short.

Parameters:
----------[39;49;00m
/Users/westfall/Work/packages/PYPIT/pypit/arspecobj.py:docstring of pypit.arspecobj.SpecObjExp:5: WARNING: Unexpected section title.

Parameters:
----------
[31;01m/Users/westfall/Work/packages/PYPIT/pypit/arspecobj.py:docstring of pypit.arspecobj.SpecObjExp:26: WARNING: Title underline too short.

Attributes:
----------[39;49;00m
/Users/westfall/Work/packages/PYPIT/pypit/arspecobj.py:docstring of pypit.arspecobj.SpecObjExp:26: WARNING: Unexpected section title.

Attributes:
----------
[31;01m/Users/westfall/Work/packages/PYPIT/pypit/arspecobj.py:docstring of pypit.arspecobj.SpecObjExp.check_trace:4: WARNING: Title underline too short.

Parameters:
----------[39;49;00m
/Users/westfall/Work/packages/PYPIT/pypit/arspecobj.py:docstring of pypit.arspecobj.SpecObjExp.check_trace:4: WARNING: Unexpected section title.

Parameters:
----------
/Users/westfall/Work/packages/PYPIT/pypit/artrace.py:docstring of pypit.artrace.trace_fweight_deprecated:4: WARNING: Unexpected section title.

Parameters:
-----------
/Users/westfall/Work/packages/PYPIT/pypit/artrace.py:docstring of pypit.artrace.trace_weighted:5: WARNING: Unexpected section title.

Parameters:
-----------
/Users/westfall/Work/packages/PYPIT/pypit/artrace.py:docstring of pypit.artrace.trace_weighted:20: WARNING: Unexpected section title.

Returns:
--------
[31;01m/Users/westfall/Work/packages/PYPIT/pypit/arutils.py:docstring of pypit.arutils.bspline_fit:5: WARNING: Title underline too short.

Parameters:
---------[39;49;00m
/Users/westfall/Work/packages/PYPIT/pypit/arutils.py:docstring of pypit.arutils.bspline_fit:5: WARNING: Unexpected section title.

Parameters:
---------
[31m/Users/westfall/Work/packages/PYPIT/pypit/arutils.py:docstring of pypit.arutils.bspline_fit:9: WARNING: Unexpected indentation.[39;49;00m
[31;01m/Users/westfall/Work/packages/PYPIT/pypit/arutils.py:docstring of pypit.arutils.bspline_fit:10: WARNING: Block quote ends without a blank line; unexpected unindent.[39;49;00m
/Users/westfall/Work/packages/PYPIT/pypit/arutils.py:docstring of pypit.arutils.bspline_fit:26: WARNING: Unexpected section title.

Returns:
---------
/Users/westfall/Work/packages/PYPIT/pypit/arutils.py:docstring of pypit.arutils.bspline_profile:4: WARNING: Unexpected section title.

Parameters
----------
/Users/westfall/Work/packages/PYPIT/pypit/arutils.py:docstring of pypit.arutils.bspline_profile:35: WARNING: Unexpected section title.

Returns
-------
[31m/Users/westfall/Work/packages/PYPIT/pypit/arutils.py:docstring of pypit.arutils.func_val:3: WARNING: Unexpected indentation.[39;49;00m
[31m/Users/westfall/Work/packages/PYPIT/pypit/core/ardeimos.py:docstring of pypit.core.ardeimos.read_deimos:4: WARNING: Unexpected indentation.[39;49;00m
/Users/westfall/Work/packages/PYPIT/pypit/core/arextract.py:docstring of pypit.core.arextract.extract_asymbox2:16: WARNING: Unexpected section title.

Optional Parameters
-------------------
/Users/westfall/Work/packages/PYPIT/pypit/core/arextract.py:docstring of pypit.core.arextract.extract_asymbox2:31: WARNING: Unexpected section title.

Revision History
----------------
/Users/westfall/Work/packages/PYPIT/pypit/core/arextract.py:docstring of pypit.core.arextract.extract_boxcar:16: WARNING: Unexpected section title.

Optional Parameters
-------------------
/Users/westfall/Work/packages/PYPIT/pypit/core/arextract.py:docstring of pypit.core.arextract.fit_profile:5: WARNING: Unexpected section title.

Parameters
----------
[31;01m/Users/westfall/Work/packages/PYPIT/pypit/core/arextract.py:docstring of pypit.core.arextract.fit_profile:23: WARNING: Title underline too short.

Optional Parameters
----------[39;49;00m
/Users/westfall/Work/packages/PYPIT/pypit/core/arextract.py:docstring of pypit.core.arextract.fit_profile:23: WARNING: Unexpected section title.

Optional Parameters
----------
/Users/westfall/Work/packages/PYPIT/pypit/core/arextract.py:docstring of pypit.core.arextract.fit_profile:44: WARNING: Unexpected section title.

Returns
-------
[31m/Users/westfall/Work/packages/PYPIT/pypit/core/arextract.py:docstring of pypit.core.arextract.extract_asymbox2:1: WARNING: Unknown target name: "extract".[39;49;00m
[31m/Users/westfall/Work/packages/PYPIT/pypit/core/arextract.py:docstring of pypit.core.arextract.extract_boxcar:1: WARNING: Unknown target name: "extract".[39;49;00m
[31m/Users/westfall/Work/packages/PYPIT/pypit/core/arflux.py:docstring of pypit.core.arflux.find_standard_file:14: WARNING: Unexpected indentation.[39;49;00m
[31;01m/Users/westfall/Work/packages/PYPIT/pypit/core/arflux.py:docstring of pypit.core.arflux.find_standard_file:15: WARNING: Block quote ends without a blank line; unexpected unindent.[39;49;00m
[31m/Users/westfall/Work/packages/PYPIT/pypit/core/arsort.py:docstring of pypit.core.arsort.match_logic:5: WARNING: Unexpected indentation.[39;49;00m
[31;01m/Users/westfall/Work/packages/PYPIT/pypit/core/arsort.py:docstring of pypit.core.arsort.match_logic:10: WARNING: Block quote ends without a blank line; unexpected unindent.[39;49;00m
[31m/Users/westfall/Work/packages/PYPIT/pypit/core/artraceslits.py:docstring of pypit.core.artraceslits.add_edge:4: WARNING: Unexpected indentation.[39;49;00m
[31m/Users/westfall/Work/packages/PYPIT/pypit/core/artraceslits.py:docstring of pypit.core.artraceslits.match_edges:11: WARNING: Unexpected indentation.[39;49;00m
[31;01m/Users/westfall/Work/packages/PYPIT/pypit/core/artraceslits.py:docstring of pypit.core.artraceslits.remove_slit:14: WARNING: Definition list ends without a blank line; unexpected unindent.[39;49;00m
/Users/westfall/Work/packages/PYPIT/pypit/core/artraceslits.py:docstring of pypit.core.artraceslits.trace_fweight:35: WARNING: Unexpected section title.

Revision History
----------------
/Users/westfall/Work/packages/PYPIT/pypit/core/artraceslits.py:docstring of pypit.core.artraceslits.trace_gweight:13: WARNING: Unexpected section title.

Optional Parameters:
--------------------
/Users/westfall/Work/packages/PYPIT/pypit/core/artraceslits.py:docstring of pypit.core.artraceslits.trace_gweight:37: WARNING: Unexpected section title.

Revision History
----------------
[31m/Users/westfall/Work/packages/PYPIT/pypit/core/artraceslits.py:docstring of pypit.core.artraceslits.assign_slits:1: WARNING: Undefined substitution referenced: "values".[39;49;00m
/Users/westfall/Work/packages/PYPIT/pypit/core/artracewave.py:docstring of pypit.core.artracewave.trace_fweight_deprecated:4: WARNING: Unexpected section title.

Parameters:
-----------
[31;01m/Users/westfall/Work/packages/PYPIT/pypit/core/artracewave.py:docstring of pypit.core.artracewave.trace_fweight_deprecated:13: WARNING: Definition list ends without a blank line; unexpected unindent.[39;49;00m
[31;01m/Users/westfall/Work/packages/PYPIT/pypit/core/arwave.py:docstring of pypit.core.arwave.airtovac:4: WARNING: Title underline too short.

Parameters:
----------[39;49;00m
/Users/westfall/Work/packages/PYPIT/pypit/core/arwave.py:docstring of pypit.core.arwave.airtovac:4: WARNING: Unexpected section title.

Parameters:
----------
/Users/westfall/Work/packages/PYPIT/pypit/core/arwave.py:docstring of pypit.core.arwave.airtovac:9: WARNING: Unexpected section title.

Returns:
----------
[31;01m/Users/westfall/Work/packages/PYPIT/pypit/core/arwave.py:docstring of pypit.core.arwave.flexure_obj:4: WARNING: Title underline too short.

Parameters:
----------[39;49;00m
/Users/westfall/Work/packages/PYPIT/pypit/core/arwave.py:docstring of pypit.core.arwave.flexure_obj:4: WARNING: Unexpected section title.

Parameters:
----------
/Users/westfall/Work/packages/PYPIT/pypit/core/arwave.py:docstring of pypit.core.arwave.flexure_obj:10: WARNING: Unexpected section title.

Returns:
----------
[31;01m/Users/westfall/Work/packages/PYPIT/pypit/core/arwave.py:docstring of pypit.core.arwave.vactoair:4: WARNING: Title underline too short.

Parameters:
----------[39;49;00m
/Users/westfall/Work/packages/PYPIT/pypit/core/arwave.py:docstring of pypit.core.arwave.vactoair:4: WARNING: Unexpected section title.

Parameters:
----------
/Users/westfall/Work/packages/PYPIT/pypit/core/arwave.py:docstring of pypit.core.arwave.vactoair:9: WARNING: Unexpected section title.

Returns:
----------
[31;01m/Users/westfall/Work/packages/PYPIT/pypit/flatfield.py:docstring of pypit.flatfield.FlatField.run:7: WARNING: Enumerated list ends without a blank line; unexpected unindent.[39;49;00m
[31m/Users/westfall/Work/packages/PYPIT/pypit/par/parset.py:docstring of pypit.par.parset.ParSet.add:5: WARNING: Unknown interpreted text role "arg".[39;49;00m
[31m/Users/westfall/Work/packages/PYPIT/pypit/par/parset.py:docstring of pypit.par.parset.ParSet.add:8: WARNING: Unknown interpreted text role "arg".[39;49;00m
[31m/Users/westfall/Work/packages/PYPIT/pypit/par/parset.py:docstring of pypit.par.parset.ParSet.to_config:3: WARNING: Unknown interpreted text role "arg".[39;49;00m
[31m/Users/westfall/Work/packages/PYPIT/pypit/par/pypitpar.py:docstring of pypit.par.pypitpar:12: WARNING: Unexpected indentation.[39;49;00m
[31m/Users/westfall/Work/packages/PYPIT/pypit/par/pypitpar.py:docstring of pypit.par.pypitpar:22: WARNING: Unexpected indentation.[39;49;00m
[31m/Users/westfall/Work/packages/PYPIT/pypit/par/pypitpar.py:docstring of pypit.par.pypitpar:60: WARNING: Unexpected indentation.[39;49;00m
[31;01m/Users/westfall/Work/packages/PYPIT/pypit/par/pypitpar.py:docstring of pypit.par.pypitpar.PypitPar:9: WARNING: Inline emphasis start-string without end-string.[39;49;00m
[31;01m/Users/westfall/Work/packages/PYPIT/pypit/par/pypitpar.py:docstring of pypit.par.pypitpar.PypitPar:9: WARNING: Inline emphasis start-string without end-string.[39;49;00m
[31m/Users/westfall/Work/packages/PYPIT/pypit/par/pypitpar.py:docstring of pypit.par.pypitpar.PypitPar.from_cfg_file:9: WARNING: Unknown interpreted text role "arg".[39;49;00m
[31m/Users/westfall/Work/packages/PYPIT/pypit/par/pypitpar.py:docstring of pypit.par.pypitpar.PypitPar.from_cfg_file:18: WARNING: Unknown interpreted text role "arg".[39;49;00m
[31m/Users/westfall/Work/packages/PYPIT/pypit/par/pypitpar.py:docstring of pypit.par.pypitpar.PypitPar.from_cfg_file:18: WARNING: Unknown interpreted text role "arg".[39;49;00m
[31m/Users/westfall/Work/packages/PYPIT/pypit/par/pypitpar.py:docstring of pypit.par.pypitpar.PypitPar.from_cfg_file:37: WARNING: Unknown interpreted text role "arg".[39;49;00m
[31m/Users/westfall/Work/packages/PYPIT/pypit/par/pypitpar.py:docstring of pypit.par.pypitpar.PypitPar.from_cfg_file:56: WARNING: Unknown interpreted text role "arg".[39;49;00m
[31;01m/Users/westfall/Work/packages/PYPIT/pypit/par/pypitpar.py:docstring of pypit.par.pypitpar.ReducePar.spectrograph_config_file:1: WARNING: Inline emphasis start-string without end-string.[39;49;00m
[31;01m/Users/westfall/Work/packages/PYPIT/pypit/par/pypitpar.py:docstring of pypit.par.pypitpar.ReducePar.spectrograph_config_file:1: WARNING: Inline emphasis start-string without end-string.[39;49;00m
[31;01m/Users/westfall/Work/packages/PYPIT/pypit/par/pypitpar.py:docstring of pypit.par.pypitpar.ReducePar.valid_spectrographs:1: WARNING: Inline emphasis start-string without end-string.[39;49;00m
[31;01m/Users/westfall/Work/packages/PYPIT/pypit/par/pypitpar.py:docstring of pypit.par.pypitpar.ReducePar.valid_spectrographs:1: WARNING: Inline emphasis start-string without end-string.[39;49;00m
[31;01m/Users/westfall/Work/packages/PYPIT/pypit/pypit.py:docstring of pypit.pypit.PYPIT:33: WARNING: Definition list ends without a blank line; unexpected unindent.[39;49;00m
[31m/Users/westfall/Work/packages/PYPIT/pypit/pypit.py:docstring of pypit.pypit.load_input:11: WARNING: Unexpected indentation.[39;49;00m
[31;01m/Users/westfall/Work/packages/PYPIT/pypit/pypit.py:docstring of pypit.pypit.load_input:15: WARNING: Block quote ends without a blank line; unexpected unindent.[39;49;00m
[31;01m/Users/westfall/Work/packages/PYPIT/pypit/scienceimage.py:docstring of pypit.scienceimage.ScienceImage.extraction:7: WARNING: Enumerated list ends without a blank line; unexpected unindent.[39;49;00m
[31;01m/Users/westfall/Work/packages/PYPIT/pypit/scienceimage.py:docstring of pypit.scienceimage.ScienceImage.extraction:8: WARNING: Block quote ends without a blank line; unexpected unindent.[39;49;00m
[31;01m/Users/westfall/Work/packages/PYPIT/pypit/scienceimage.py:docstring of pypit.scienceimage.ScienceImage.extraction:9: WARNING: Enumerated list ends without a blank line; unexpected unindent.[39;49;00m
[31;01m/Users/westfall/Work/packages/PYPIT/pypit/scienceimage.py:docstring of pypit.scienceimage.ScienceImage.extraction:11: WARNING: Block quote ends without a blank line; unexpected unindent.[39;49;00m
[31m/Users/westfall/Work/packages/PYPIT/pypit/scripts/coadd_1dspec.py:docstring of pypit.scripts.coadd_1dspec.main:3: WARNING: Unexpected indentation.[39;49;00m
[31m/Users/westfall/Work/packages/PYPIT/pypit/scripts/qa_html.py:docstring of pypit.scripts.qa_html.main:3: WARNING: Unexpected indentation.[39;49;00m
[31;01m/Users/westfall/Work/packages/PYPIT/pypit/traceslits.py:docstring of pypit.traceslits.TraceSlits.remove_slit:8: WARNING: Definition list ends without a blank line; unexpected unindent.[39;49;00m
[31;01m/Users/westfall/Work/packages/PYPIT/pypit/traceslits.py:docstring of pypit.traceslits.TraceSlits.run:5: WARNING: Enumerated list ends without a blank line; unexpected unindent.[39;49;00m
[31;01m/Users/westfall/Work/packages/PYPIT/pypit/traceslits.py:docstring of pypit.traceslits.TraceSlits.run:6: WARNING: Block quote ends without a blank line; unexpected unindent.[39;49;00m
[31;01m/Users/westfall/Work/packages/PYPIT/pypit/traceslits.py:docstring of pypit.traceslits.TraceSlits.run:7: WARNING: Enumerated list ends without a blank line; unexpected unindent.[39;49;00m
[31;01m/Users/westfall/Work/packages/PYPIT/pypit/traceslits.py:docstring of pypit.traceslits.TraceSlits.run:8: WARNING: Block quote ends without a blank line; unexpected unindent.[39;49;00m
[31;01m/Users/westfall/Work/packages/PYPIT/pypit/traceslits.py:docstring of pypit.traceslits.TraceSlits.run:10: WARNING: Enumerated list ends without a blank line; unexpected unindent.[39;49;00m
[31;01m/Users/westfall/Work/packages/PYPIT/pypit/traceslits.py:docstring of pypit.traceslits.TraceSlits.run:12: WARNING: Block quote ends without a blank line; unexpected unindent.[39;49;00m
[31m/Users/westfall/Work/packages/PYPIT/pypit/wavecalib.py:docstring of pypit.wavecalib.WaveCalib:28: WARNING: Unexpected indentation.[39;49;00m
[31;01m/Users/westfall/Work/packages/PYPIT/pypit/wavetilts.py:docstring of pypit.wavetilts.WaveTilts.run:6: WARNING: Enumerated list ends without a blank line; unexpected unindent.[39;49;00m
/Users/westfall/Work/packages/PYPIT/doc/pypit_file.rst:113: WARNING: Title level inconsistent:

Naming
++++++
/Users/westfall/Work/packages/PYPIT/doc/pypit_file.rst:133: WARNING: Title level inconsistent:

Run block
+++++++++
/Users/westfall/Work/packages/PYPIT/doc/pypit_file.rst:160: WARNING: Title level inconsistent:

Reduce block
++++++++++++
[31;01m/Users/westfall/Work/packages/PYPIT/doc/setup.rst:179: WARNING: Definition list ends without a blank line; unexpected unindent.[39;49;00m
[31;01m/Users/westfall/Work/packages/PYPIT/doc/slit_tracing.rst:139: WARNING: Literal block expected; none found.[39;49;00m
[31m/Users/westfall/Work/packages/PYPIT/doc/wave_calib.rst:37: WARNING: Unknown target name: "nist database <http://physics.nist.gov/physrefdata".[39;49;00m
[31;01m/Users/westfall/Work/packages/PYPIT/doc/wavetilts.rst:24: WARNING: Enumerated list ends without a blank line; unexpected unindent.[39;49;00m
[31;01m/Users/westfall/Work/packages/PYPIT/doc/wavetilts.rst:7: WARNING: Duplicate explicit target name: "wavetilts".[39;49;00m
[31;01m/Users/westfall/Work/packages/PYPIT/doc/heliocorr.rst: WARNING: document isn't included in any toctree[39;49;00m
[31;01m/Users/westfall/Work/packages/PYPIT/doc/mask.rst: WARNING: document isn't included in any toctree[39;49;00m
[31;01m/Users/westfall/Work/packages/PYPIT/doc/masters.rst: WARNING: document isn't included in any toctree[39;49;00m
[31;01m/Users/westfall/Work/packages/PYPIT/doc/modules.rst: WARNING: document isn't included in any toctree[39;49;00m
[31;01m/Users/westfall/Work/packages/PYPIT/doc/rawdata.rst: WARNING: document isn't included in any toctree[39;49;00m
[31;01m/Users/westfall/Work/packages/PYPIT/doc/setup.rst: WARNING: document isn't included in any toctree[39;49;00m
[31;01m/Users/westfall/Work/packages/PYPIT/doc/standards.rst: WARNING: document isn't included in any toctree[39;49;00m
[31;01m/Users/westfall/Work/packages/PYPIT/doc/calcheck.rst:69: WARNING: undefined label: modifying_frametype (if the link has no caption the label must precede a section header)[39;49;00m
[31;01m/Users/westfall/Work/packages/PYPIT/doc/lris.rst:56: WARNING: undefined label: _reduce-block (if the link has no caption the label must precede a section header)[39;49;00m
[31;01m/Users/westfall/Work/packages/PYPIT/doc/naming.rst:88: WARNING: undefined label: source-id-values (if the link has no caption the label must precede a section header)[39;49;00m
[31;01m/Users/westfall/Work/packages/PYPIT/doc/out_redux.rst:20: WARNING: unknown document: setups[39;49;00m
[31;01m/Users/westfall/Work/packages/PYPIT/doc/out_redux.rst:22: WARNING: undefined label: groupings (if the link has no caption the label must precede a section header)[39;49;00m
[31;01m/Users/westfall/Work/packages/PYPIT/doc/pypit_file.rst:34: WARNING: unknown document: setups[39;49;00m
[31;01m/Users/westfall/Work/packages/PYPIT/doc/pypit_file.rst:143: WARNING: undefined label: pypit_pypfiles (if the link has no caption the label must precede a section header)[39;49;00m
[31;01mWARNING: html_static_path entry '/Users/westfall/Work/packages/PYPIT/doc/_static' does not exist[39;49;00m
