# logfile = /home/dmoseng/data/gain/gain_check.Spectral.2013-Sep-26.log
# datestr = Thu Sep 26 17:16:13 2013
# mode = Spectral
# flatfile1 = d0927_0019.fits
# flatfile2 = d0927_0020.fits
# flatfile3 = d0927_0021.fits
# flatfile4 = d0927_0022.fits
# flatfile5 = d0927_0023.fits
# zerofile1 = d0927_0016.fits
# zerofile2 = d0927_0017.fits
# column1 = videoinp
# column2 = amploc
# column3 = ccdloc
# column4 = amptype
# column5 = gain [e-/DN]
# column6 = sigma_gain [e-/DN]
# column7 = readnoise [e-]
# column8 = sigma_readnoise [e-]
#----------------------------------------
   2 1   1   B         1.2321    0.016683      2.5834    0.034980
   4 3   2   B         1.1963    0.015636      2.5084    0.032784
   6 5   3   B         1.2838    0.018817      2.6917    0.039453
   8 7   4   B         1.2240    0.015004      2.5663    0.031459
  10 10  5   B         1.1722    0.014008      2.4577    0.029371
  12 12  6   B         1.2334    0.013930      2.5861    0.029208
  14 14  7   B         1.2424    0.017095      2.6050    0.035843
  16 16  8   B         1.2414    0.018277      2.6029    0.038321
