# logfile = /home/dmoseng/data/gain/gain_check.Spectral.2010-Sep-01.log
# datestr = Wed Sep  1 07:39:16 2010
# mode = Spectral
# flatfile1 = d0901_0047.fits
# flatfile2 = d0901_0048.fits
# flatfile3 = d0901_0049.fits
# flatfile4 = d0901_0050.fits
# flatfile5 = d0901_0051.fits
# zerofile1 = d0901_0044.fits
# zerofile2 = d0901_0045.fits
# column1 = videoinp
# column2 = amploc
# column3 = ccdloc
# column4 = amptype
# column5 = gain [e-/DN]
# column6 = sigma_gain [e-/DN]
# column7 = readnoise [e-]
# column8 = sigma_readnoise [e-]
#----------------------------------------
   2 1   1   B         1.2389    0.014907      2.5976    0.031256
   4 3   2   B         1.1997    0.012513      2.5153    0.026235
   6 5   3   B         1.2900    0.020888      2.7048    0.043796
   8 7   4   B         1.2221    0.012440      2.5623    0.026083
  10 10  5   B         1.1934    0.014420      2.5021    0.030234
  12 12  6   B         1.2255    0.012273      2.5695    0.025734
  14 14  7   B         1.2532    0.019733      2.6276    0.041373
  16 16  8   B         1.2424    0.016025      2.6049    0.033600
