# logfile = /home/dmoseng/data/gain/gain_check.Spectral.2015-Dec-01.log
# datestr = Tue Dec  1 13:15:56 2015
# mode = Spectral
# flatfile1 = d1202_0019.fits
# flatfile2 = d1202_0020.fits
# flatfile3 = d1202_0021.fits
# flatfile4 = d1202_0022.fits
# flatfile5 = d1202_0023.fits
# zerofile1 = d1202_0016.fits
# zerofile2 = d1202_0017.fits
# column1 = videoinp
# column2 = amploc
# column3 = ccdloc
# column4 = amptype
# column5 = gain [e-/DN]
# column6 = sigma_gain [e-/DN]
# column7 = readnoise [e-]
# column8 = sigma_readnoise [e-]
#----------------------------------------
   2 1   1   B         1.2266    0.017065      2.5717    0.035780
   4 3   2   B         1.1913    0.016902      2.4978    0.035439
   6 5   3   B         1.2484    0.021518      2.6175    0.045115
   8 7   4   B         1.2160    0.017326      2.5495    0.036327
  10 10  5   B         1.1858    0.013187      2.4863    0.027649
  12 12  6   B         1.1858    0.015793      2.4862    0.033113
  14 14  7   B         1.2081    0.017198      2.5330    0.036059
  16 16  8   B         1.2259    0.017256      2.5703    0.036180
