# logfile = /home/dmoseng/data/gain/gain_check.Spectral.2011-May-25.log
# datestr = Wed May 25 15:37:23 2011
# mode = Spectral
# flatfile1 = d0526_0019.fits
# flatfile2 = d0526_0020.fits
# flatfile3 = d0526_0021.fits
# flatfile4 = d0526_0022.fits
# flatfile5 = d0526_0023.fits
# zerofile1 = d0526_0016.fits
# zerofile2 = d0526_0017.fits
# column1 = videoinp
# column2 = amploc
# column3 = ccdloc
# column4 = amptype
# column5 = gain [e-/DN]
# column6 = sigma_gain [e-/DN]
# column7 = readnoise [e-]
# column8 = sigma_readnoise [e-]
#----------------------------------------
   2 1   1   B         1.2295    0.020289      2.5780    0.042540
   4 3   2   B         1.1805    0.014906      2.4752    0.031254
   6 5   3   B         1.2733    0.018152      2.6696    0.038059
   8 7   4   B         1.2177    0.014136      2.5531    0.029639
  10 10  5   B         1.1683    0.013907      2.4496    0.029158
  12 12  6   B         1.2257    0.014377      2.5699    0.030143
  14 14  7   B         1.2390    0.016879      2.5977    0.035390
  16 16  8   B         1.2392    0.021645      2.5981    0.045384
