# logfile = /s/sdata1004/ccd_gain/gain_check.Spectral.2022-Jun-01.log
# datestr = Wed Jun  1 23:22:28 2022
# mode = Spectral
# flatfile1 = /sdata1005/deimos3/2022jun02/d0602_0027.fits
# flatfile2 = /sdata1005/deimos3/2022jun02/d0602_0028.fits
# flatfile3 = /sdata1005/deimos3/2022jun02/d0602_0029.fits
# flatfile4 = /sdata1005/deimos3/2022jun02/d0602_0030.fits
# flatfile5 = /sdata1005/deimos3/2022jun02/d0602_0031.fits
# zerofile1 = /sdata1005/deimos3/2022jun02/d0602_0024.fits
# zerofile2 = /sdata1005/deimos3/2022jun02/d0602_0025.fits
# column1 = videoinp
# column2 = amploc
# column3 = ccdloc
# column4 = amptype
# column5 = gain [e-/DN]
# column6 = sigma_gain [e-/DN]
# column7 = readnoise [e-]
# column8 = sigma_readnoise [e-]
#----------------------------------------
   2 1   1   B         1.1689    0.017343      2.4508    0.036363
   4 3   2   B         1.1647    0.017516      2.4420    0.036727
   6 5   3   B         1.2477    0.020783      2.6161    0.043576
   8 7   4   B         1.2056    0.020708      2.5278    0.043419
  10 10  5   B         1.2199    0.016986      2.5577    0.035614
  12 12  6   B         1.2028    0.013458      2.5219    0.028217
  14 14  7   B         1.1980    0.018849      2.5118    0.039520
  16 16  8   B         1.2148    0.018771      2.5471    0.039356
