# logfile = /s/sdata1004/ccd_gain/gain_check.Spectral.2021-May-04.log
# datestr = Tue May  4 22:51:20 2021
# mode = Spectral
# flatfile1 = /sdata1005/deimos10/2021may05/d0505_0018.fits
# flatfile2 = /sdata1005/deimos10/2021may05/d0505_0019.fits
# flatfile3 = /sdata1005/deimos10/2021may05/d0505_0020.fits
# flatfile4 = /sdata1005/deimos10/2021may05/d0505_0021.fits
# flatfile5 = /sdata1005/deimos10/2021may05/d0505_0022.fits
# zerofile1 = /sdata1005/deimos10/2021may05/d0505_0015.fits
# zerofile2 = /sdata1005/deimos10/2021may05/d0505_0016.fits
# column1 = videoinp
# column2 = amploc
# column3 = ccdloc
# column4 = amptype
# column5 = gain [e-/DN]
# column6 = sigma_gain [e-/DN]
# column7 = readnoise [e-]
# column8 = sigma_readnoise [e-]
#----------------------------------------
   2 1   1   B         1.1727   0.0099687      2.4588    0.020901
   4 3   2   B         1.1722    0.013969      2.4577    0.029289
   6 5   3   B         1.2653    0.020122      2.6528    0.042188
   8 7   4   B         1.2134    0.013723      2.5441    0.028774
  10 10  5   B         1.2478    0.025600      49.705     0.99574
  12 12  6   B         1.2012    0.012655      2.5185    0.026534
  14 14  7   B         1.1958    0.015238      2.5073    0.031950
  16 16  8   B         1.2064    0.015549      2.5294    0.032602
