# logfile = /home/dmoseng/data/gain/gain_check.Spectral.2018-May-17.log
# datestr = Thu May 17 14:56:18 2018
# mode = Spectral
# flatfile1 = d0518_0032.fits
# flatfile2 = d0518_0033.fits
# flatfile3 = d0518_0034.fits
# flatfile4 = d0518_0035.fits
# flatfile5 = d0518_0036.fits
# zerofile1 = d0518_0029.fits
# zerofile2 = d0518_0030.fits
# column1 = videoinp
# column2 = amploc
# column3 = ccdloc
# column4 = amptype
# column5 = gain [e-/DN]
# column6 = sigma_gain [e-/DN]
# column7 = readnoise [e-]
# column8 = sigma_readnoise [e-]
#----------------------------------------
   2 1   1   B         1.2301    0.018305      2.5792    0.038379
   4 3   2   B         1.1851    0.013376      2.4848    0.028045
   6 5   3   B         1.2544    0.016912      2.6300    0.035460
   8 7   4   B         1.2148    0.020289      2.5471    0.042541
  10 10  5   B         1.1871    0.013065      2.4890    0.027394
  12 12  6   B         1.1749    0.018720      2.4634    0.039251
  14 14  7   B         1.2104    0.013048      2.5378    0.027357
  16 16  8   B         1.2212    0.013994      2.5605    0.029342
