# logfile = /s/sdata1004/ccd_gain/gain_check.Spectral.2022-Oct-11.log
# datestr = Tue Oct 11 15:00:40 2022
# mode = Spectral
# flatfile1 = /sdata1004/dmoseng/2022oct12/d1012_0019.fits
# flatfile2 = /sdata1004/dmoseng/2022oct12/d1012_0020.fits
# flatfile3 = /sdata1004/dmoseng/2022oct12/d1012_0021.fits
# flatfile4 = /sdata1004/dmoseng/2022oct12/d1012_0022.fits
# flatfile5 = /sdata1004/dmoseng/2022oct12/d1012_0023.fits
# zerofile1 = /sdata1004/dmoseng/2022oct12/d1012_0016.fits
# zerofile2 = /sdata1004/dmoseng/2022oct12/d1012_0017.fits
# column1 = videoinp
# column2 = amploc
# column3 = ccdloc
# column4 = amptype
# column5 = gain [e-/DN]
# column6 = sigma_gain [e-/DN]
# column7 = readnoise [e-]
# column8 = sigma_readnoise [e-]
#----------------------------------------
   2 1   1   B         1.1797    0.017066      2.4735    0.035782
   4 3   2   B         1.1797    0.017516      2.4736    0.036725
   6 5   3   B         1.2532    0.016484      2.6276    0.034562
   8 7   4   B         1.2138    0.012262      2.5449    0.025710
  10 10  5   B         1.2171    0.017933      2.5518    0.037600
  12 12  6   B         1.2034    0.017107      2.5231    0.035869
  14 14  7   B         1.2060    0.017311      2.5287    0.036296
  16 16  8   B         1.2179    0.012596      2.5535    0.026409
