# logfile = /home/dmoseng/data/gain/gain_check.Spectral.2013-Dec-22.log
# datestr = Sun Dec 22 22:09:53 2013
# mode = Spectral
# flatfile1 = d1223_0029.fits
# flatfile2 = d1223_0030.fits
# flatfile3 = d1223_0031.fits
# flatfile4 = d1223_0032.fits
# flatfile5 = d1223_0033.fits
# zerofile1 = d1223_0026.fits
# zerofile2 = d1223_0027.fits
# column1 = videoinp
# column2 = amploc
# column3 = ccdloc
# column4 = amptype
# column5 = gain [e-/DN]
# column6 = sigma_gain [e-/DN]
# column7 = readnoise [e-]
# column8 = sigma_readnoise [e-]
#----------------------------------------
   2 1   1   B         1.2346    0.018370      2.5885    0.038515
   4 3   2   B         1.1955    0.017205      2.5065    0.036073
   6 5   3   B         1.2892    0.017144      2.7030    0.035945
   8 7   4   B         1.2179    0.014855      2.5535    0.031145
  10 10  5   B         1.1795    0.012346      2.4730    0.025885
  12 12  6   B         1.2318    0.012840      2.5827    0.026921
  14 14  7   B         1.2441    0.016423      2.6086    0.034434
  16 16  8   B         1.2388    0.015050      2.5974    0.031554
