# logfile = /s/sdata1004/ccd_gain/gain_check.Spectral.2023-Oct-05.log
# datestr = Thu Oct  5 12:57:16 2023
# mode = Spectral
# flatfile1 = /sdata1004/dmoseng/2023oct05/d1005_0046.fits
# flatfile2 = /sdata1004/dmoseng/2023oct05/d1005_0047.fits
# flatfile3 = /sdata1004/dmoseng/2023oct05/d1005_0048.fits
# flatfile4 = /sdata1004/dmoseng/2023oct05/d1005_0049.fits
# flatfile5 = /sdata1004/dmoseng/2023oct05/d1005_0050.fits
# zerofile1 = /sdata1004/dmoseng/2023oct05/d1005_0043.fits
# zerofile2 = /sdata1004/dmoseng/2023oct05/d1005_0044.fits
# column1 = videoinp
# column2 = amploc
# column3 = ccdloc
# column4 = amptype
# column5 = gain [e-/DN]
# column6 = sigma_gain [e-/DN]
# column7 = readnoise [e-]
# column8 = sigma_readnoise [e-]
#----------------------------------------
   2 1   1   B         1.1799    0.014565      2.4740    0.030537
   4 3   2   B         1.1741    0.015021      2.4618    0.031494
   6 5   3   B         1.2625    0.015967      2.6471    0.033478
   8 7   4   B         1.2105    0.016401      2.5381    0.034388
  10 10  5   B         1.2344    0.014263      2.5882    0.029905
  12 12  6   B         1.2006    0.014541      2.5172    0.030488
  14 14  7   B         1.1942    0.015844      2.5038    0.033219
  16 16  8   B         1.2538    0.016214      2.6288    0.033996
