# logfile = /home/dmoseng/data/gain/gain_check.Spectral.2008-Dec-17.log
# datestr = Wed Dec 17 16:26:27 2008
# mode = Spectral
# flatfile1 = d1218_0048.fits
# flatfile2 = d1218_0049.fits
# flatfile3 = d1218_0050.fits
# flatfile4 = d1218_0051.fits
# flatfile5 = d1218_0052.fits
# zerofile1 = d1218_0045.fits
# zerofile2 = d1218_0046.fits
# column1 = videoinp
# column2 = amploc
# column3 = ccdloc
# column4 = amptype
# column5 = gain [e-/DN]
# column6 = sigma_gain [e-/DN]
# column7 = readnoise [e-]
# column8 = sigma_readnoise [e-]
#----------------------------------------
   2 1   1   B         1.2169   0.0028402      2.5515   0.0059550
   4 3   2   B         1.1909   0.0037378      2.4969   0.0078372
   6 5   3   B         1.2839   0.0024084      2.6919   0.0050494
   8 7   4   B         1.2174   0.0017656      2.5524   0.0037019
  10 10  5   B         1.1946   0.0025372      2.5048   0.0053198
  12 12  6   B         1.2234   0.0026200      2.5650   0.0054930
  14 14  7   B         1.2438   0.0049142      2.6079    0.010303
  16 16  8   B         1.2544   0.0038767      2.6301   0.0081281
