# logfile = /s/sdata1004/ccd_gain/gain_check.Spectral.2023-Dec-11.log
# datestr = Mon Dec 11 01:24:09 2023
# mode = Spectral
# flatfile1 = /sdata1005/deimos2/2023dec11/d1211_0022.fits
# flatfile2 = /sdata1005/deimos2/2023dec11/d1211_0023.fits
# flatfile3 = /sdata1005/deimos2/2023dec11/d1211_0024.fits
# flatfile4 = /sdata1005/deimos2/2023dec11/d1211_0025.fits
# flatfile5 = /sdata1005/deimos2/2023dec11/d1211_0026.fits
# zerofile1 = /sdata1005/deimos2/2023dec11/d1211_0019.fits
# zerofile2 = /sdata1005/deimos2/2023dec11/d1211_0020.fits
# column1 = videoinp
# column2 = amploc
# column3 = ccdloc
# column4 = amptype
# column5 = gain [e-/DN]
# column6 = sigma_gain [e-/DN]
# column7 = readnoise [e-]
# column8 = sigma_readnoise [e-]
#----------------------------------------
   2 1   1   B         1.1800    0.013007      2.4740    0.027271
   4 3   2   B         1.1719    0.015773      2.4572    0.033070
   6 5   3   B         1.2648    0.019444      3.9777    0.061153
   8 7   4   B         1.2095    0.018859      2.5360    0.039542
  10 10  5   B         1.2327    0.017411      2.5846    0.036505
  12 12  6   B         1.1974    0.013983      2.5106    0.029318
  14 14  7   B         1.1943    0.018010      2.5041    0.037762
  16 16  8   B         1.2449    0.016423      2.6101    0.034435
