# logfile = /s/sdata1004/ccd_gain/gain_check.Spectral.2022-Jun-22.log
# datestr = Wed Jun 22 18:44:36 2022
# mode = Spectral
# flatfile1 = /sdata1005/deimos4/2022jun23/d0623_0035.fits
# flatfile2 = /sdata1005/deimos4/2022jun23/d0623_0036.fits
# flatfile3 = /sdata1005/deimos4/2022jun23/d0623_0037.fits
# flatfile4 = /sdata1005/deimos4/2022jun23/d0623_0038.fits
# flatfile5 = /sdata1005/deimos4/2022jun23/d0623_0039.fits
# zerofile1 = /sdata1005/deimos4/2022jun23/d0623_0032.fits
# zerofile2 = /sdata1005/deimos4/2022jun23/d0623_0033.fits
# column1 = videoinp
# column2 = amploc
# column3 = ccdloc
# column4 = amptype
# column5 = gain [e-/DN]
# column6 = sigma_gain [e-/DN]
# column7 = readnoise [e-]
# column8 = sigma_readnoise [e-]
#----------------------------------------
   2 1   1   B         1.1826    0.016517      2.4796    0.034631
   4 3   2   B         1.1710    0.014819      2.4553    0.031070
   6 5   3   B         1.2479    0.021303      2.6165    0.044665
   8 7   4   B         1.2141    0.014918      2.5457    0.031280
  10 10  5   B         1.2165    0.015308      3.8256    0.047888
  12 12  6   B         1.2035    0.018497      2.5234    0.038782
  14 14  7   B         1.2006    0.019129      2.5172    0.040108
  16 16  8   B         1.2167    0.022545      2.5510    0.047271
