# logfile = /home/dmoseng/data/gain/gain_check.Spectral.2011-Oct-25.log
# datestr = Tue Oct 25 11:24:17 2011
# mode = Spectral
# flatfile1 = d1026_0019.fits
# flatfile2 = d1026_0020.fits
# flatfile3 = d1026_0021.fits
# flatfile4 = d1026_0022.fits
# flatfile5 = d1026_0023.fits
# zerofile1 = d1026_0016.fits
# zerofile2 = d1026_0017.fits
# column1 = videoinp
# column2 = amploc
# column3 = ccdloc
# column4 = amptype
# column5 = gain [e-/DN]
# column6 = sigma_gain [e-/DN]
# column7 = readnoise [e-]
# column8 = sigma_readnoise [e-]
#----------------------------------------
   2 1   1   B         1.2384    0.013759      2.5965    0.028848
   4 3   2   B         1.1976    0.016163      2.5109    0.033889
   6 5   3   B         1.2856    0.022811      2.6955    0.047827
   8 7   4   B         1.2230    0.012305      2.5643    0.025799
  10 10  5   B         1.1743    0.014585      2.4621    0.030579
  12 12  6   B         1.2318    0.013386      2.5828    0.028066
  14 14  7   B         1.2436    0.017351      2.6075    0.036379
  16 16  8   B         1.2427    0.021075      2.6055    0.044188
