# logfile = /home/dmoseng/data/gain/gain_check.Spectral.2013-Oct-28.log
# datestr = Mon Oct 28 10:33:36 2013
# mode = Spectral
# flatfile1 = d1029_0036.fits
# flatfile2 = d1029_0037.fits
# flatfile3 = d1029_0038.fits
# flatfile4 = d1029_0039.fits
# flatfile5 = d1029_0040.fits
# zerofile1 = d1029_0033.fits
# zerofile2 = d1029_0034.fits
# column1 = videoinp
# column2 = amploc
# column3 = ccdloc
# column4 = amptype
# column5 = gain [e-/DN]
# column6 = sigma_gain [e-/DN]
# column7 = readnoise [e-]
# column8 = sigma_readnoise [e-]
#----------------------------------------
   2 1   1   B         1.2438    0.016220      2.6079    0.034008
   4 3   2   B         1.1960    0.015476      2.5075    0.032448
   6 5   3   B         1.2887    0.021745      2.7020    0.045592
   8 7   4   B         1.2232    0.013482      2.5647    0.028268
  10 10  5   B         1.1779    0.012622      2.4697    0.026464
  12 12  6   B         1.2302    0.014498      2.5793    0.030398
  14 14  7   B         1.2400    0.011912      2.5999    0.024976
  16 16  8   B         1.2394    0.018440      2.5986    0.038662
